#
# A fatal error has been detected by the Java Runtime Environment:
#
#  EXCEPTION_ACCESS_VIOLATION (0xc0000005) at pc=0x000001f81a92594f, pid=19548, tid=30228
#
# JRE version: OpenJDK Runtime Environment (23.0.1+11) (build 23.0.1+11-39)
# Java VM: OpenJDK 64-Bit Server VM (23.0.1+11-39, mixed mode, sharing, tiered, compressed oops, compressed class ptrs, g1 gc, windows-amd64)
# Problematic frame:
# v  ~StubRoutines::jint_disjoint_arraycopy 0x000001f81a92594f
#
# No core dump will be written. Minidumps are not enabled by default on client versions of Windows
#
# If you would like to submit a bug report, please visit:
#   https://bugreport.java.com/bugreport/crash.jsp
#

---------------  S U M M A R Y ------------

Command Line: -javaagent:C:\Program Files\JetBrains\IntelliJ IDEA 2024.2.4\lib\idea_rt.jar=50516:C:\Program Files\JetBrains\IntelliJ IDEA 2024.2.4\bin -Dfile.encoding=UTF-8 -Dsun.stdout.encoding=UTF-8 -Dsun.stderr.encoding=UTF-8 principale

Host: Intel(R) Core(TM) Ultra 7 155H, 22 cores, 15G,  Windows 11 , 64 bit Build 22621 (10.0.22621.5415)
Time: Tue Dec  2 23:45:34 2025 Paris, Madrid elapsed time: 38866.901266 seconds (0d 10h 47m 46s)

---------------  T H R E A D  ---------------

Current thread (0x000001f80ad69600):  JavaThread "main"             [_thread_in_Java, id=30228, stack(0x000000f454600000,0x000000f454700000) (1024K)]

Stack: [0x000000f454600000,0x000000f454700000],  sp=0x000000f4546ff0d0,  free space=1020k
Native frames: (J=compiled Java code, j=interpreted, Vv=VM code, C=native code)
C  0x000001f81a92594f  (no source info available)

The last pc belongs to jint_disjoint_arraycopy (printed below).

siginfo: EXCEPTION_ACCESS_VIOLATION (0xc0000005), reading address 0xffffffffffffffff


Registers:
RAX=0xe1400117e140011a, RBX=0x000000072b8a7ed8, RCX=0x0000000000000006, RDX=0xffffffffffffffff
RSP=0x000000f4546ff0d0, RBP=0x000000f4546ff0d0, RSI=0x000000072b8a7ef8, RDI=0x000000072b8a7c58
R8 =0x0000000000000006, R9 =0x000001f80ad69600, R10=0x000001f81a9258c0, R11=0x0000000000000005
R12=0x0000000000000000, R13=0x000000072b8a7c38, R14=0x000000072b8a49f8, R15=0x000001f80ad69600
RIP=0x000001f81a92594f, EFLAGS=0x0000000000010287


Register to memory mapping:

RAX=0xe1400117e140011a is an unknown value
RBX=0x000000072b8a7ed8 is an oop: [Ljava.lang.Object; 
{0x000000072b8a7ed8} - klass: 'java/lang/Object'[]
 - length: 9
RCX=0x0000000000000006 is an unknown value
RDX=0xffffffffffffffff is an unknown value
RSP=0x000000f4546ff0d0 is pointing into the stack for thread: 0x000001f80ad69600
RBP=0x000000f4546ff0d0 is pointing into the stack for thread: 0x000001f80ad69600
RSI=
[error occurred during error reporting (printing register info), id 0xc0000005, EXCEPTION_ACCESS_VIOLATION (0xc0000005) at pc=0x00007ffdd92f9ae6]
RDI=
[error occurred during error reporting (printing register info, attempt 2), id 0xc0000005, EXCEPTION_ACCESS_VIOLATION (0xc0000005) at pc=0x00007ffdd92f9ae6]
R8 =0x0000000000000006 is an unknown value
R9 =0x000001f80ad69600 is a thread
R10=0x000001f81a9258c0 is at begin+0 in a stub
StubRoutines::jint_disjoint_arraycopy [0x000001f81a9258c0, 0x000001f81a925a27] (359 bytes)
R11=0x0000000000000005 is an unknown value
R12=0x0 is null
R13=0x000000072b8a7c38 is an oop: [Ljava.lang.Object; 
{0x000000072b8a7c38} - klass: 'java/lang/Object'[]
 - length: 6
R14=0x000000072b8a49f8 is an oop: GameState 
{0x000000072b8a49f8} - klass: 'GameState'
 - ---- fields (total size 4 words):
 - private 'scoreJ1' 'I' @12  0 (0x00000000)
 - private 'scoreJ2' 'I' @16  0 (0x00000000)
 - private 'plateau' '[Ljava/util/List;' @20  a 'java/util/List'[16] {0x000000072b8a4a18} (0xe5714943)
 - private 'joueurActif' 'LJoueur;' @24  a 'Joueur'{0x000000070a0008e8} (0xe140011d)
R15=0x000001f80ad69600 is a thread

Top of Stack: (sp=0x000000f4546ff0d0)
0x000000f4546ff0d0:   000000070a000810 000001f81b06652c
0x000000f4546ff0e0:   000000070a000810 0000000000000004
0x000000f4546ff0f0:   000000072b882ed8 000001f81a92598f
0x000000f4546ff100:   000000072b8a49f8 000000072b8a7a18
0x000000f4546ff110:   000000072b8a5180 0000000300000004
0x000000f4546ff120:   0000000600000006 e5714f8700000007
0x000000f4546ff130:   000000072b8a7c20 0000000900000006
0x000000f4546ff140:   000000072b8a7c38 000000000000003b
0x000000f4546ff150:   0000000100000000 000000210000001c
0x000000f4546ff160:   0000000000000000 000001f8200c0000
0x000000f4546ff170:   0000000700000000 000001f81b06cf82
0x000000f4546ff180:   00000000e576fb33 000001f81a92598f
0x000000f4546ff190:   00000000e5714a30 000001f81b05de8c
0x000000f4546ff1a0:   0000000000000000 ffffffff00000000
0x000000f4546ff1b0:   0000001d00000000 000000072b8a5010
0x000000f4546ff1c0:   0000000600000000 000000072b8a49f8
0x000000f4546ff1d0:   000000070a000aa0 0000000180000000
0x000000f4546ff1e0:   0000000100000007 000000070000001a
0x000000f4546ff1f0:   0000000000000000 000001f8200c0000
0x000000f4546ff200:   0000000700000000 000001f81b06d34f
0x000000f4546ff210:   00000000e36b6984 000001f81a92598f
0x000000f4546ff220:   000000070a000aa0 000001f81b05dff0
0x000000f4546ff230:   0000000200000000 0000000100000002
0x000000f4546ff240:   0000001e00000000 000000072bb7e038
0x000000f4546ff250:   0000000100000002 000000072bb7da70
0x000000f4546ff260:   000000070a000aa0 0000000380000000
0x000000f4546ff270:   0000000000000002 000000072b882480
0x000000f4546ff280:   000000072b883030 8000000000000000
0x000000f4546ff290:   0000000700000000 000000071b5b4840
0x000000f4546ff2a0:   000001f81a9258c0 000001f80ad69600
0x000000f4546ff2b0:   000000070a000aa0 000001f81b05dff0
0x000000f4546ff2c0:   7fffffff00000000 000000037fffffff 

Instructions: (pc=0x000001f81a92594f)
0x000001f81a92584f:   33 00 00 00 48 8b 44 d7 f8 48 89 44 d6 f8 48 ff
0x000001f81a92585f:   ca 75 f1 49 8b f9 49 8b f2 48 33 c0 c5 f8 77 c9
0x000001f81a92586f:   c3 c5 fe 6f 44 d7 20 c5 fe 7f 44 d6 20 c5 fe 6f
0x000001f81a92587f:   04 d7 c5 fe 7f 04 d6 48 83 ea 08 7d e4 48 83 c2
0x000001f81a92588f:   04 0f 8c 0e 00 00 00 c5 fe 6f 04 d7 c5 fe 7f 04
0x000001f81a92589f:   d6 48 83 ea 04 48 83 c2 04 7f a9 49 8b f9 49 8b
0x000001f81a9258af:   f2 48 33 c0 c5 f8 77 c9 c3 0f 1f 84 00 00 00 00
0x000001f81a9258bf:   00 55 48 8b ec 4d 8b cf 50 57 56 52 51 41 50 41
0x000001f81a9258cf:   51 41 52 41 53 48 83 ec 20 40 f6 c4 0f 0f 84 19
0x000001f81a9258df:   00 00 00 48 83 ec 08 48 b8 b0 b5 fe d8 fd 7f 00
0x000001f81a9258ef:   00 ff d0 48 83 c4 08 e9 0c 00 00 00 48 b8 b0 b5
0x000001f81a9258ff:   fe d8 fd 7f 00 00 ff d0 48 83 c4 20 41 5b 41 5a
0x000001f81a92590f:   41 59 41 58 59 5a 5e 5f 4c 8b f8 58 49 89 bf f8
0x000001f81a92591f:   05 00 00 49 89 b7 f0 05 00 00 48 8b f9 48 8b f2
0x000001f81a92592f:   49 8b d0 48 8b ca 48 d1 ea 48 8d 7c d7 f8 48 8d
0x000001f81a92593f:   74 d6 f8 48 f7 da e9 ae 00 00 00 48 8b 44 d7 08
0x000001f81a92594f:   48 89 44 d6 08 48 ff c2 75 f1 f6 c1 01 74 06 8b
0x000001f81a92595f:   47 08 89 46 08 50 57 56 52 51 41 50 41 51 41 52
0x000001f81a92596f:   41 53 48 83 ec 20 40 f6 c4 0f 0f 84 19 00 00 00
0x000001f81a92597f:   48 83 ec 08 48 b8 b0 b5 fe d8 fd 7f 00 00 ff d0
0x000001f81a92598f:   48 83 c4 08 e9 0c 00 00 00 48 b8 b0 b5 fe d8 fd
0x000001f81a92599f:   7f 00 00 ff d0 48 83 c4 20 41 5b 41 5a 41 59 41
0x000001f81a9259af:   58 59 5a 5e 5f 4c 8b f8 58 49 8b b7 f0 05 00 00
0x000001f81a9259bf:   49 8b bf f8 05 00 00 4d 8b f9 c5 f8 77 48 33 c0
0x000001f81a9259cf:   c9 c3 66 66 66 0f 1f 84 00 00 00 00 00 66 66 66
0x000001f81a9259df:   90 c5 fe 6f 44 d7 c8 c5 fe 7f 44 d6 c8 c5 fe 6f
0x000001f81a9259ef:   44 d7 e8 c5 fe 7f 44 d6 e8 48 83 c2 08 7e e2 48
0x000001f81a9259ff:   83 ea 04 0f 8f 10 00 00 00 c5 fe 6f 44 d7 e8 c5
0x000001f81a925a0f:   fe 7f 44 d6 e8 48 83 c2 04 48 83 ea 04 0f 8c 28
0x000001f81a925a1f:   ff ff ff e9 32 ff ff ff 66 66 66 0f 1f 84 00 00
0x000001f81a925a2f:   00 00 00 66 66 66 90 66 66 0f 1f 84 00 00 00 00
0x000001f81a925a3f:   00 55 48 8b ec 48 3b d1 4a 8d 04 81 0f 86 73 fe 


Stack slot to memory mapping:

stack at sp + 0 slots: 0x000000070a000810 is an oop: java.lang.Class 
{0x000000070a000810} - klass: 'java/lang/Class'
 - ---- fields (total size 14 words):
 - private volatile transient 'classRedefinedCount' 'I' @12  0 (0x00000000)
 - injected 'klass' 'J' @16  2165403173728 (0x000001f82c164360)
 - injected 'array_klass' 'J' @24  2165404230832 (0x000001f82c2664b0)
 - injected 'oop_size' 'I' @32  14 (0x0000000e)
 - injected 'static_oop_field_count' 'I' @36  0 (0x00000000)
 - private volatile transient 'cachedConstructor' 'Ljava/lang/reflect/Constructor;' @40  null (0x00000000)
 - private transient 'name' 'Ljava/lang/String;' @44  null (0x00000000)
 - private transient 'module' 'Ljava/lang/Module;' @48  a 'java/lang/Module'{0x000000070a0010f8} (0xe140021f)
 - private final 'classLoader' 'Ljava/lang/ClassLoader;' @52  null (0x00000000)
 - private transient 'classData' 'Ljava/lang/Object;' @56  null (0x00000000)
 - private transient 'packageName' 'Ljava/lang/String;' @60  null (0x00000000)
 - private final 'componentType' 'Ljava/lang/Class;' @64  a 'java/lang/Class'{0x000000070a0001e8} = 'java/lang/Object' (0xe140003d)
 - private volatile transient 'reflectionData' 'Ljava/lang/ref/SoftReference;' @68  null (0x00000000)
 - private volatile transient 'genericInfo' 'Lsun/reflect/generics/repository/ClassRepository;' @72  null (0x00000000)
 - private volatile transient 'enumConstants' '[Ljava/lang/Object;' @76  null (0x00000000)
 - private volatile transient 'enumConstantDirectory' 'Ljava/util/Map;' @80  null (0x00000000)
 - private volatile transient 'annotationData' 'Ljava/lang/Class$AnnotationData;' @84  null (0x00000000)
 - private volatile transient 'annotationType' 'Lsun/reflect/annotation/AnnotationType;' @88  null (0x00000000)
 - transient 'classValueMap' 'Ljava/lang/ClassValue$ClassValueMap;' @92  null (0x00000000)
 - injected 'protection_domain' 'Ljava/lang/Object;' @96  null (0x00000000)
 - injected 'signers_name' 'Ljava/lang/Object;' @100  null (0x00000000)
 - injected 'source_file' 'Ljava/lang/Object;' @104  null (0x00000000)
 - signature: [Ljava/lang/Object;
stack at sp + 1 slots: 0x000001f81b06652c is at entry_point+6730 in (nmethod*)0x000001f81b064508
Compiled method (c2) 38867000  515       4       GameState::ApplyMove (553 bytes)
 total in heap  [0x000001f81b064508,0x000001f81b06b448] = 28480
 relocation     [0x000001f81b0645e0,0x000001f81b064ad8] = 1272
 main code      [0x000001f81b064ae0,0x000001f81b06b260] = 26496
 stub code      [0x000001f81b06b260,0x000001f81b06b298] = 56
 oops           [0x000001f81b06b298,0x000001f81b06b2f0] = 88
 metadata       [0x000001f81b06b2f0,0x000001f81b06b448] = 344
 immutable data [0x000001f871308480,0x000001f87130aa98] = 9752
 dependencies   [0x000001f871308480,0x000001f8713084d8] = 88
 nul chk table  [0x000001f8713084d8,0x000001f8713086c0] = 488
 handler table  [0x000001f8713086c0,0x000001f871308888] = 456
 scopes pcs     [0x000001f871308888,0x000001f8713093c8] = 2880
 scopes data    [0x000001f8713093c8,0x000001f87130aa98] = 5840
stack at sp + 2 slots: 0x000000070a000810 is an oop: java.lang.Class 
{0x000000070a000810} - klass: 'java/lang/Class'
 - ---- fields (total size 14 words):
 - private volatile transient 'classRedefinedCount' 'I' @12  0 (0x00000000)
 - injected 'klass' 'J' @16  2165403173728 (0x000001f82c164360)
 - injected 'array_klass' 'J' @24  2165404230832 (0x000001f82c2664b0)
 - injected 'oop_size' 'I' @32  14 (0x0000000e)
 - injected 'static_oop_field_count' 'I' @36  0 (0x00000000)
 - private volatile transient 'cachedConstructor' 'Ljava/lang/reflect/Constructor;' @40  null (0x00000000)
 - private transient 'name' 'Ljava/lang/String;' @44  null (0x00000000)
 - private transient 'module' 'Ljava/lang/Module;' @48  a 'java/lang/Module'{0x000000070a0010f8} (0xe140021f)
 - private final 'classLoader' 'Ljava/lang/ClassLoader;' @52  null (0x00000000)
 - private transient 'classData' 'Ljava/lang/Object;' @56  null (0x00000000)
 - private transient 'packageName' 'Ljava/lang/String;' @60  null (0x00000000)
 - private final 'componentType' 'Ljava/lang/Class;' @64  a 'java/lang/Class'{0x000000070a0001e8} = 'java/lang/Object' (0xe140003d)
 - private volatile transient 'reflectionData' 'Ljava/lang/ref/SoftReference;' @68  null (0x00000000)
 - private volatile transient 'genericInfo' 'Lsun/reflect/generics/repository/ClassRepository;' @72  null (0x00000000)
 - private volatile transient 'enumConstants' '[Ljava/lang/Object;' @76  null (0x00000000)
 - private volatile transient 'enumConstantDirectory' 'Ljava/util/Map;' @80  null (0x00000000)
 - private volatile transient 'annotationData' 'Ljava/lang/Class$AnnotationData;' @84  null (0x00000000)
 - private volatile transient 'annotationType' 'Lsun/reflect/annotation/AnnotationType;' @88  null (0x00000000)
 - transient 'classValueMap' 'Ljava/lang/ClassValue$ClassValueMap;' @92  null (0x00000000)
 - injected 'protection_domain' 'Ljava/lang/Object;' @96  null (0x00000000)
 - injected 'signers_name' 'Ljava/lang/Object;' @100  null (0x00000000)
 - injected 'source_file' 'Ljava/lang/Object;' @104  null (0x00000000)
 - signature: [Ljava/lang/Object;
stack at sp + 3 slots: 0x0000000000000004 is an unknown value
stack at sp + 4 slots: 0x000000072b882ed8 is an oop: [Ljava.lang.Object; 
{0x000000072b882ed8} - klass: 'java/lang/Object'[]
 - length: 33
stack at sp + 5 slots: 0x000001f81a92598f is at begin+207 in a stub
StubRoutines::jint_disjoint_arraycopy [0x000001f81a9258c0, 0x000001f81a925a27] (359 bytes)
stack at sp + 6 slots: 0x000000072b8a49f8 is an oop: GameState 
{0x000000072b8a49f8} - klass: 'GameState'
 - ---- fields (total size 4 words):
 - private 'scoreJ1' 'I' @12  0 (0x00000000)
 - private 'scoreJ2' 'I' @16  0 (0x00000000)
 - private 'plateau' '[Ljava/util/List;' @20  a 'java/util/List'[16] {0x000000072b8a4a18} (0xe5714943)
 - private 'joueurActif' 'LJoueur;' @24  a 'Joueur'{0x000000070a0008e8} (0xe140011d)
stack at sp + 7 slots: 0x000000072b8a7a18 is an oop: GameState 
{0x000000072b8a7a18} - klass: 'GameState'
 - ---- fields (total size 4 words):
 - private 'scoreJ1' 'I' @12  0 (0x00000000)
 - private 'scoreJ2' 'I' @16  0 (0x00000000)
 - private 'plateau' '[Ljava/util/List;' @20  a 'java/util/List'[16] {0x000000072b8a7a38} (0xe5714f47)
 - private 'joueurActif' 'LJoueur;' @24  a 'Joueur'{0x000000070a0008e8} (0xe140011d)

Lock stack of current Java thread (top to bottom):

StubRoutines::jint_disjoint_arraycopy [0x000001f81a9258c0, 0x000001f81a925a27] (359 bytes)
[MachCode]
  0x000001f81a9258c0: 5548 8bec | 4d8b cf50 | 5756 5251 | 4150 4151 | 4152 4153 | 4883 ec20 | 40f6 c40f | 0f84 1900 
  0x000001f81a9258e0: 0000 4883 | ec08 48b8 | b0b5 fed8 | fd7f 0000 | ffd0 4883 | c408 e90c | 0000 0048 | b8b0 b5fe 
  0x000001f81a925900: d8fd 7f00 | 00ff d048 | 83c4 2041 | 5b41 5a41 | 5941 5859 | 5a5e 5f4c | 8bf8 5849 | 89bf f805 
  0x000001f81a925920: 0000 4989 | b7f0 0500 | 0048 8bf9 | 488b f249 | 8bd0 488b | ca48 d1ea | 488d 7cd7 | f848 8d74 
  0x000001f81a925940: d6f8 48f7 | dae9 ae00 | 0000 488b | 44d7 0848 | 8944 d608 | 48ff c275 | f1f6 c101 | 7406 8b47 
  0x000001f81a925960: 0889 4608 | 5057 5652 | 5141 5041 | 5141 5241 | 5348 83ec | 2040 f6c4 | 0f0f 8419 | 0000 0048 
  0x000001f81a925980: 83ec 0848 | b8b0 b5fe | d8fd 7f00 | 00ff d048 | 83c4 08e9 | 0c00 0000 | 48b8 b0b5 | fed8 fd7f 
  0x000001f81a9259a0: 0000 ffd0 | 4883 c420 | 415b 415a | 4159 4158 | 595a 5e5f | 4c8b f858 | 498b b7f0 | 0500 0049 
  0x000001f81a9259c0: 8bbf f805 | 0000 4d8b | f9c5 f877 | 4833 c0c9 | c366 6666 | 0f1f 8400 | 0000 0000 | 6666 6690 
  0x000001f81a9259e0: c5fe 6f44 | d7c8 c5fe | 7f44 d6c8 | c5fe 6f44 | d7e8 c5fe | 7f44 d6e8 | 4883 c208 | 7ee2 4883 
  0x000001f81a925a00: ea04 0f8f | 1000 0000 | c5fe 6f44 | d7e8 c5fe | 7f44 d6e8 | 4883 c204 | 4883 ea04 | 0f8c 28ff 
  0x000001f81a925a20: ffff e932 | 
[/MachCode]

---------------  P R O C E S S  ---------------

Threads class SMR info:
_java_thread_list=0x000001f82bb313e0, length=12, elements={
0x000001f80ad69600, 0x000001f82a683b70, 0x000001f82a6888a0, 0x000001f82a68abb0,
0x000001f82a68b610, 0x000001f82a68d790, 0x000001f82a68e210, 0x000001f82a690fb0,
0x000001f82b268710, 0x000001f82b38ed50, 0x000001f82b4c7fb0, 0x000001f82b4c8620
}

Java Threads: ( => current thread )
=>0x000001f80ad69600 JavaThread "main"                              [_thread_in_Java, id=30228, stack(0x000000f454600000,0x000000f454700000) (1024K)]
  0x000001f82a683b70 JavaThread "Reference Handler"          daemon [_thread_blocked, id=8808, stack(0x000000f454e00000,0x000000f454f00000) (1024K)]
  0x000001f82a6888a0 JavaThread "Finalizer"                  daemon [_thread_blocked, id=24408, stack(0x000000f454f00000,0x000000f455000000) (1024K)]
  0x000001f82a68abb0 JavaThread "Signal Dispatcher"          daemon [_thread_blocked, id=24504, stack(0x000000f455000000,0x000000f455100000) (1024K)]
  0x000001f82a68b610 JavaThread "Attach Listener"            daemon [_thread_blocked, id=18724, stack(0x000000f455100000,0x000000f455200000) (1024K)]
  0x000001f82a68d790 JavaThread "Service Thread"             daemon [_thread_blocked, id=16716, stack(0x000000f455200000,0x000000f455300000) (1024K)]
  0x000001f82a68e210 JavaThread "Monitor Deflation Thread"   daemon [_thread_blocked, id=1244, stack(0x000000f455300000,0x000000f455400000) (1024K)]
  0x000001f82a690fb0 JavaThread "C2 CompilerThread0"         daemon [_thread_blocked, id=31156, stack(0x000000f455400000,0x000000f455500000) (1024K)]
  0x000001f82b268710 JavaThread "C1 CompilerThread0"         daemon [_thread_blocked, id=23424, stack(0x000000f455500000,0x000000f455600000) (1024K)]
  0x000001f82b38ed50 JavaThread "Common-Cleaner"             daemon [_thread_blocked, id=30676, stack(0x000000f455600000,0x000000f455700000) (1024K)]
  0x000001f82b4c7fb0 JavaThread "Monitor Ctrl-Break"         daemon [_thread_in_native, id=13064, stack(0x000000f455a00000,0x000000f455b00000) (1024K)]
  0x000001f82b4c8620 JavaThread "Notification Thread"        daemon [_thread_blocked, id=27084, stack(0x000000f455b00000,0x000000f455c00000) (1024K)]
Total: 12

Other Threads:
  0x000001f82a66f530 VMThread "VM Thread"                           [id=13548, stack(0x000000f454d00000,0x000000f454e00000) (1024K)]
  0x000001f82a659bc0 WatcherThread "VM Periodic Task Thread"        [id=2876, stack(0x000000f454c00000,0x000000f454d00000) (1024K)]
  0x000001f80adcf170 WorkerThread "GC Thread#0"                     [id=22436, stack(0x000000f454700000,0x000000f454800000) (1024K)]
  0x000001f8710c2b10 WorkerThread "GC Thread#1"                     [id=14736, stack(0x000000f455f00000,0x000000f456000000) (1024K)]
  0x000001f87114cfb0 WorkerThread "GC Thread#2"                     [id=26636, stack(0x000000f456000000,0x000000f456100000) (1024K)]
  0x000001f82bcd9d80 WorkerThread "GC Thread#3"                     [id=2736, stack(0x000000f456100000,0x000000f456200000) (1024K)]
  0x000001f82bcda130 WorkerThread "GC Thread#4"                     [id=27892, stack(0x000000f456200000,0x000000f456300000) (1024K)]
  0x000001f87149ec20 WorkerThread "GC Thread#5"                     [id=28212, stack(0x000000f456300000,0x000000f456400000) (1024K)]
  0x000001f8714e34f0 WorkerThread "GC Thread#6"                     [id=8952, stack(0x000000f456400000,0x000000f456500000) (1024K)]
  0x000001f8710c0a50 WorkerThread "GC Thread#7"                     [id=13860, stack(0x000000f456500000,0x000000f456600000) (1024K)]
  0x000001f87149d150 WorkerThread "GC Thread#8"                     [id=3788, stack(0x000000f456600000,0x000000f456700000) (1024K)]
  0x000001f82bb933d0 WorkerThread "GC Thread#9"                     [id=14916, stack(0x000000f455d00000,0x000000f455e00000) (1024K)]
  0x000001f82b616900 WorkerThread "GC Thread#10"                    [id=27272, stack(0x000000f455e00000,0x000000f455f00000) (1024K)]
  0x000001f87149efd0 WorkerThread "GC Thread#11"                    [id=5048, stack(0x000000f456700000,0x000000f456800000) (1024K)]
  0x000001f82baa12c0 WorkerThread "GC Thread#12"                    [id=27180, stack(0x000000f456800000,0x000000f456900000) (1024K)]
  0x000001f872069cd0 WorkerThread "GC Thread#13"                    [id=18756, stack(0x000000f456900000,0x000000f456a00000) (1024K)]
  0x000001f80ade5550 ConcurrentGCThread "G1 Main Marker"            [id=21152, stack(0x000000f454800000,0x000000f454900000) (1024K)]
  0x000001f80ade6060 WorkerThread "G1 Conc#0"                       [id=23872, stack(0x000000f454900000,0x000000f454a00000) (1024K)]
  0x000001f82a52e060 ConcurrentGCThread "G1 Refine#0"               [id=17292, stack(0x000000f454a00000,0x000000f454b00000) (1024K)]
  0x000001f82a52e9f0 ConcurrentGCThread "G1 Service"                [id=24588, stack(0x000000f454b00000,0x000000f454c00000) (1024K)]
Total: 20

Threads with active compile tasks:
Total: 0

VM state: not at safepoint (normal execution)

VM Mutex/Monitor currently owned by a thread: None

Heap address: 0x000000070a000000, size: 3936 MB, Compressed Oops mode: Zero based, Oop shift amount: 3

CDS archive(s) mapped at: [0x000001f82c000000-0x000001f82cd70000-0x000001f82cd70000), size 14090240, SharedBaseAddress: 0x000001f82c000000, ArchiveRelocationMode: 1.
Compressed class space mapped at: 0x000001f82d000000-0x000001f86d000000, reserved size: 1073741824
Narrow klass base: 0x000001f82c000000, Narrow klass shift: 0, Narrow klass range: 0x41000000

GC Precious Log:
 CardTable entry size: 512
 Card Set container configuration: InlinePtr #cards 4 size 8 Array Of Cards #cards 16 size 48 Howl #buckets 8 coarsen threshold 3686 Howl Bitmap #cards 512 size 80 coarsen threshold 460 Card regions per heap region 1 cards per card region 4096
 CPUs: 22 total, 22 available
 Memory: 15741M
 Large Page Support: Disabled
 NUMA Support: Disabled
 Compressed Oops: Enabled (Zero based)
 Heap Region Size: 2M
 Heap Min Capacity: 8M
 Heap Initial Capacity: 246M
 Heap Max Capacity: 3936M
 Pre-touch: Disabled
 Parallel Workers: 16
 Concurrent Workers: 4
 Concurrent Refinement Workers: 16
 Periodic GC: Disabled

Heap:
 garbage-first heap   total reserved 4030464K, committed 606208K, used 56895K [0x000000070a000000, 0x0000000800000000)
  region size 2048K, 29 young (59392K), 1 survivors (2048K)
 Metaspace       used 1225K, committed 1408K, reserved 1114112K
  class space    used 100K, committed 192K, reserved 1048576K

Heap Regions: E=young(eden), S=young(survivor), O=old, HS=humongous(starts), HC=humongous(continues), CS=collection set, F=free, TAMS=top-at-mark-start, PB=parsable bottom
|   0|0x000000070a000000, 0x000000070a18ce38, 0x000000070a200000| 77%| O|  |TAMS 0x000000070a000000| PB 0x000000070a000000| Untracked |  0
|   1|0x000000070a200000, 0x000000070a200000, 0x000000070a400000|  0%| F|  |TAMS 0x000000070a200000| PB 0x000000070a200000| Untracked |  0
|   2|0x000000070a400000, 0x000000070a400000, 0x000000070a600000|  0%| F|  |TAMS 0x000000070a400000| PB 0x000000070a400000| Untracked |  0
|   3|0x000000070a600000, 0x000000070a600000, 0x000000070a800000|  0%| F|  |TAMS 0x000000070a600000| PB 0x000000070a600000| Untracked |  0
|   4|0x000000070a800000, 0x000000070a800000, 0x000000070aa00000|  0%| F|  |TAMS 0x000000070a800000| PB 0x000000070a800000| Untracked |  0
|   5|0x000000070aa00000, 0x000000070aa00000, 0x000000070ac00000|  0%| F|  |TAMS 0x000000070aa00000| PB 0x000000070aa00000| Untracked |  0
|   6|0x000000070ac00000, 0x000000070ac00000, 0x000000070ae00000|  0%| F|  |TAMS 0x000000070ac00000| PB 0x000000070ac00000| Untracked |  0
|   7|0x000000070ae00000, 0x000000070ae00000, 0x000000070b000000|  0%| F|  |TAMS 0x000000070ae00000| PB 0x000000070ae00000| Untracked |  0
|   8|0x000000070b000000, 0x000000070b000000, 0x000000070b200000|  0%| F|  |TAMS 0x000000070b000000| PB 0x000000070b000000| Untracked |  0
|   9|0x000000070b200000, 0x000000070b200000, 0x000000070b400000|  0%| F|  |TAMS 0x000000070b200000| PB 0x000000070b200000| Untracked |  0
|  10|0x000000070b400000, 0x000000070b400000, 0x000000070b600000|  0%| F|  |TAMS 0x000000070b400000| PB 0x000000070b400000| Untracked |  0
|  11|0x000000070b600000, 0x000000070b600000, 0x000000070b800000|  0%| F|  |TAMS 0x000000070b600000| PB 0x000000070b600000| Untracked |  0
|  12|0x000000070b800000, 0x000000070b800000, 0x000000070ba00000|  0%| F|  |TAMS 0x000000070b800000| PB 0x000000070b800000| Untracked |  0
|  13|0x000000070ba00000, 0x000000070ba00000, 0x000000070bc00000|  0%| F|  |TAMS 0x000000070ba00000| PB 0x000000070ba00000| Untracked |  0
|  14|0x000000070bc00000, 0x000000070bc00000, 0x000000070be00000|  0%| F|  |TAMS 0x000000070bc00000| PB 0x000000070bc00000| Untracked |  0
|  15|0x000000070be00000, 0x000000070be00000, 0x000000070c000000|  0%| F|  |TAMS 0x000000070be00000| PB 0x000000070be00000| Untracked |  0
|  16|0x000000070c000000, 0x000000070c000000, 0x000000070c200000|  0%| F|  |TAMS 0x000000070c000000| PB 0x000000070c000000| Untracked |  0
|  17|0x000000070c200000, 0x000000070c200000, 0x000000070c400000|  0%| F|  |TAMS 0x000000070c200000| PB 0x000000070c200000| Untracked |  0
|  18|0x000000070c400000, 0x000000070c400000, 0x000000070c600000|  0%| F|  |TAMS 0x000000070c400000| PB 0x000000070c400000| Untracked |  0
|  19|0x000000070c600000, 0x000000070c600000, 0x000000070c800000|  0%| F|  |TAMS 0x000000070c600000| PB 0x000000070c600000| Untracked |  0
|  20|0x000000070c800000, 0x000000070c800000, 0x000000070ca00000|  0%| F|  |TAMS 0x000000070c800000| PB 0x000000070c800000| Untracked |  0
|  21|0x000000070ca00000, 0x000000070ca00000, 0x000000070cc00000|  0%| F|  |TAMS 0x000000070ca00000| PB 0x000000070ca00000| Untracked |  0
|  22|0x000000070cc00000, 0x000000070cc00000, 0x000000070ce00000|  0%| F|  |TAMS 0x000000070cc00000| PB 0x000000070cc00000| Untracked |  0
|  23|0x000000070ce00000, 0x000000070ce00000, 0x000000070d000000|  0%| F|  |TAMS 0x000000070ce00000| PB 0x000000070ce00000| Untracked |  0
|  24|0x000000070d000000, 0x000000070d000000, 0x000000070d200000|  0%| F|  |TAMS 0x000000070d000000| PB 0x000000070d000000| Untracked |  0
|  25|0x000000070d200000, 0x000000070d200000, 0x000000070d400000|  0%| F|  |TAMS 0x000000070d200000| PB 0x000000070d200000| Untracked |  0
|  26|0x000000070d400000, 0x000000070d400000, 0x000000070d600000|  0%| F|  |TAMS 0x000000070d400000| PB 0x000000070d400000| Untracked |  0
|  27|0x000000070d600000, 0x000000070d600000, 0x000000070d800000|  0%| F|  |TAMS 0x000000070d600000| PB 0x000000070d600000| Untracked |  0
|  28|0x000000070d800000, 0x000000070d800000, 0x000000070da00000|  0%| F|  |TAMS 0x000000070d800000| PB 0x000000070d800000| Untracked |  0
|  29|0x000000070da00000, 0x000000070da00000, 0x000000070dc00000|  0%| F|  |TAMS 0x000000070da00000| PB 0x000000070da00000| Untracked |  0
|  30|0x000000070dc00000, 0x000000070dc00000, 0x000000070de00000|  0%| F|  |TAMS 0x000000070dc00000| PB 0x000000070dc00000| Untracked |  0
|  31|0x000000070de00000, 0x000000070de00000, 0x000000070e000000|  0%| F|  |TAMS 0x000000070de00000| PB 0x000000070de00000| Untracked |  0
|  32|0x000000070e000000, 0x000000070e000000, 0x000000070e200000|  0%| F|  |TAMS 0x000000070e000000| PB 0x000000070e000000| Untracked |  0
|  33|0x000000070e200000, 0x000000070e200000, 0x000000070e400000|  0%| F|  |TAMS 0x000000070e200000| PB 0x000000070e200000| Untracked |  0
|  34|0x000000070e400000, 0x000000070e400000, 0x000000070e600000|  0%| F|  |TAMS 0x000000070e400000| PB 0x000000070e400000| Untracked |  0
|  35|0x000000070e600000, 0x000000070e600000, 0x000000070e800000|  0%| F|  |TAMS 0x000000070e600000| PB 0x000000070e600000| Untracked |  0
|  36|0x000000070e800000, 0x000000070e800000, 0x000000070ea00000|  0%| F|  |TAMS 0x000000070e800000| PB 0x000000070e800000| Untracked |  0
|  37|0x000000070ea00000, 0x000000070ea00000, 0x000000070ec00000|  0%| F|  |TAMS 0x000000070ea00000| PB 0x000000070ea00000| Untracked |  0
|  38|0x000000070ec00000, 0x000000070ec00000, 0x000000070ee00000|  0%| F|  |TAMS 0x000000070ec00000| PB 0x000000070ec00000| Untracked |  0
|  39|0x000000070ee00000, 0x000000070ee00000, 0x000000070f000000|  0%| F|  |TAMS 0x000000070ee00000| PB 0x000000070ee00000| Untracked |  0
|  40|0x000000070f000000, 0x000000070f000000, 0x000000070f200000|  0%| F|  |TAMS 0x000000070f000000| PB 0x000000070f000000| Untracked |  0
|  41|0x000000070f200000, 0x000000070f200000, 0x000000070f400000|  0%| F|  |TAMS 0x000000070f200000| PB 0x000000070f200000| Untracked |  0
|  42|0x000000070f400000, 0x000000070f400000, 0x000000070f600000|  0%| F|  |TAMS 0x000000070f400000| PB 0x000000070f400000| Untracked |  0
|  43|0x000000070f600000, 0x000000070f600000, 0x000000070f800000|  0%| F|  |TAMS 0x000000070f600000| PB 0x000000070f600000| Untracked |  0
|  44|0x000000070f800000, 0x000000070f800000, 0x000000070fa00000|  0%| F|  |TAMS 0x000000070f800000| PB 0x000000070f800000| Untracked |  0
|  45|0x000000070fa00000, 0x000000070fa00000, 0x000000070fc00000|  0%| F|  |TAMS 0x000000070fa00000| PB 0x000000070fa00000| Untracked |  0
|  46|0x000000070fc00000, 0x000000070fc00000, 0x000000070fe00000|  0%| F|  |TAMS 0x000000070fc00000| PB 0x000000070fc00000| Untracked |  0
|  47|0x000000070fe00000, 0x000000070fe00000, 0x0000000710000000|  0%| F|  |TAMS 0x000000070fe00000| PB 0x000000070fe00000| Untracked |  0
|  48|0x0000000710000000, 0x0000000710000000, 0x0000000710200000|  0%| F|  |TAMS 0x0000000710000000| PB 0x0000000710000000| Untracked |  0
|  49|0x0000000710200000, 0x0000000710200000, 0x0000000710400000|  0%| F|  |TAMS 0x0000000710200000| PB 0x0000000710200000| Untracked |  0
|  50|0x0000000710400000, 0x0000000710400000, 0x0000000710600000|  0%| F|  |TAMS 0x0000000710400000| PB 0x0000000710400000| Untracked |  0
|  51|0x0000000710600000, 0x0000000710600000, 0x0000000710800000|  0%| F|  |TAMS 0x0000000710600000| PB 0x0000000710600000| Untracked |  0
|  52|0x0000000710800000, 0x0000000710800000, 0x0000000710a00000|  0%| F|  |TAMS 0x0000000710800000| PB 0x0000000710800000| Untracked |  0
|  53|0x0000000710a00000, 0x0000000710a00000, 0x0000000710c00000|  0%| F|  |TAMS 0x0000000710a00000| PB 0x0000000710a00000| Untracked |  0
|  54|0x0000000710c00000, 0x0000000710c00000, 0x0000000710e00000|  0%| F|  |TAMS 0x0000000710c00000| PB 0x0000000710c00000| Untracked |  0
|  55|0x0000000710e00000, 0x0000000710e00000, 0x0000000711000000|  0%| F|  |TAMS 0x0000000710e00000| PB 0x0000000710e00000| Untracked |  0
|  56|0x0000000711000000, 0x0000000711000000, 0x0000000711200000|  0%| F|  |TAMS 0x0000000711000000| PB 0x0000000711000000| Untracked |  0
|  57|0x0000000711200000, 0x0000000711200000, 0x0000000711400000|  0%| F|  |TAMS 0x0000000711200000| PB 0x0000000711200000| Untracked |  0
|  58|0x0000000711400000, 0x0000000711400000, 0x0000000711600000|  0%| F|  |TAMS 0x0000000711400000| PB 0x0000000711400000| Untracked |  0
|  59|0x0000000711600000, 0x0000000711600000, 0x0000000711800000|  0%| F|  |TAMS 0x0000000711600000| PB 0x0000000711600000| Untracked |  0
|  60|0x0000000711800000, 0x0000000711800000, 0x0000000711a00000|  0%| F|  |TAMS 0x0000000711800000| PB 0x0000000711800000| Untracked |  0
|  61|0x0000000711a00000, 0x0000000711a00000, 0x0000000711c00000|  0%| F|  |TAMS 0x0000000711a00000| PB 0x0000000711a00000| Untracked |  0
|  62|0x0000000711c00000, 0x0000000711c00000, 0x0000000711e00000|  0%| F|  |TAMS 0x0000000711c00000| PB 0x0000000711c00000| Untracked |  0
|  63|0x0000000711e00000, 0x0000000711e00000, 0x0000000712000000|  0%| F|  |TAMS 0x0000000711e00000| PB 0x0000000711e00000| Untracked |  0
|  64|0x0000000712000000, 0x0000000712000000, 0x0000000712200000|  0%| F|  |TAMS 0x0000000712000000| PB 0x0000000712000000| Untracked |  0
|  65|0x0000000712200000, 0x0000000712200000, 0x0000000712400000|  0%| F|  |TAMS 0x0000000712200000| PB 0x0000000712200000| Untracked |  0
|  66|0x0000000712400000, 0x0000000712400000, 0x0000000712600000|  0%| F|  |TAMS 0x0000000712400000| PB 0x0000000712400000| Untracked |  0
|  67|0x0000000712600000, 0x0000000712600000, 0x0000000712800000|  0%| F|  |TAMS 0x0000000712600000| PB 0x0000000712600000| Untracked |  0
|  68|0x0000000712800000, 0x0000000712800000, 0x0000000712a00000|  0%| F|  |TAMS 0x0000000712800000| PB 0x0000000712800000| Untracked |  0
|  69|0x0000000712a00000, 0x0000000712a00000, 0x0000000712c00000|  0%| F|  |TAMS 0x0000000712a00000| PB 0x0000000712a00000| Untracked |  0
|  70|0x0000000712c00000, 0x0000000712c00000, 0x0000000712e00000|  0%| F|  |TAMS 0x0000000712c00000| PB 0x0000000712c00000| Untracked |  0
|  71|0x0000000712e00000, 0x0000000712e00000, 0x0000000713000000|  0%| F|  |TAMS 0x0000000712e00000| PB 0x0000000712e00000| Untracked |  0
|  72|0x0000000713000000, 0x0000000713000000, 0x0000000713200000|  0%| F|  |TAMS 0x0000000713000000| PB 0x0000000713000000| Untracked |  0
|  73|0x0000000713200000, 0x0000000713200000, 0x0000000713400000|  0%| F|  |TAMS 0x0000000713200000| PB 0x0000000713200000| Untracked |  0
|  74|0x0000000713400000, 0x0000000713400000, 0x0000000713600000|  0%| F|  |TAMS 0x0000000713400000| PB 0x0000000713400000| Untracked |  0
|  75|0x0000000713600000, 0x0000000713600000, 0x0000000713800000|  0%| F|  |TAMS 0x0000000713600000| PB 0x0000000713600000| Untracked |  0
|  76|0x0000000713800000, 0x0000000713800000, 0x0000000713a00000|  0%| F|  |TAMS 0x0000000713800000| PB 0x0000000713800000| Untracked |  0
|  77|0x0000000713a00000, 0x0000000713a00000, 0x0000000713c00000|  0%| F|  |TAMS 0x0000000713a00000| PB 0x0000000713a00000| Untracked |  0
|  78|0x0000000713c00000, 0x0000000713c00000, 0x0000000713e00000|  0%| F|  |TAMS 0x0000000713c00000| PB 0x0000000713c00000| Untracked |  0
|  79|0x0000000713e00000, 0x0000000713e00000, 0x0000000714000000|  0%| F|  |TAMS 0x0000000713e00000| PB 0x0000000713e00000| Untracked |  0
|  80|0x0000000714000000, 0x0000000714000000, 0x0000000714200000|  0%| F|  |TAMS 0x0000000714000000| PB 0x0000000714000000| Untracked |  0
|  81|0x0000000714200000, 0x0000000714200000, 0x0000000714400000|  0%| F|  |TAMS 0x0000000714200000| PB 0x0000000714200000| Untracked |  0
|  82|0x0000000714400000, 0x0000000714400000, 0x0000000714600000|  0%| F|  |TAMS 0x0000000714400000| PB 0x0000000714400000| Untracked |  0
|  83|0x0000000714600000, 0x0000000714600000, 0x0000000714800000|  0%| F|  |TAMS 0x0000000714600000| PB 0x0000000714600000| Untracked |  0
|  84|0x0000000714800000, 0x0000000714800000, 0x0000000714a00000|  0%| F|  |TAMS 0x0000000714800000| PB 0x0000000714800000| Untracked |  0
|  85|0x0000000714a00000, 0x0000000714a00000, 0x0000000714c00000|  0%| F|  |TAMS 0x0000000714a00000| PB 0x0000000714a00000| Untracked |  0
|  86|0x0000000714c00000, 0x0000000714c00000, 0x0000000714e00000|  0%| F|  |TAMS 0x0000000714c00000| PB 0x0000000714c00000| Untracked |  0
|  87|0x0000000714e00000, 0x0000000714e00000, 0x0000000715000000|  0%| F|  |TAMS 0x0000000714e00000| PB 0x0000000714e00000| Untracked |  0
|  88|0x0000000715000000, 0x0000000715000000, 0x0000000715200000|  0%| F|  |TAMS 0x0000000715000000| PB 0x0000000715000000| Untracked |  0
|  89|0x0000000715200000, 0x0000000715200000, 0x0000000715400000|  0%| F|  |TAMS 0x0000000715200000| PB 0x0000000715200000| Untracked |  0
|  90|0x0000000715400000, 0x0000000715400000, 0x0000000715600000|  0%| F|  |TAMS 0x0000000715400000| PB 0x0000000715400000| Untracked |  0
|  91|0x0000000715600000, 0x0000000715600000, 0x0000000715800000|  0%| F|  |TAMS 0x0000000715600000| PB 0x0000000715600000| Untracked |  0
|  92|0x0000000715800000, 0x0000000715800000, 0x0000000715a00000|  0%| F|  |TAMS 0x0000000715800000| PB 0x0000000715800000| Untracked |  0
|  93|0x0000000715a00000, 0x0000000715a00000, 0x0000000715c00000|  0%| F|  |TAMS 0x0000000715a00000| PB 0x0000000715a00000| Untracked |  0
|  94|0x0000000715c00000, 0x0000000715c00000, 0x0000000715e00000|  0%| F|  |TAMS 0x0000000715c00000| PB 0x0000000715c00000| Untracked |  0
|  95|0x0000000715e00000, 0x0000000715e00000, 0x0000000716000000|  0%| F|  |TAMS 0x0000000715e00000| PB 0x0000000715e00000| Untracked |  0
|  96|0x0000000716000000, 0x0000000716000000, 0x0000000716200000|  0%| F|  |TAMS 0x0000000716000000| PB 0x0000000716000000| Untracked |  0
|  97|0x0000000716200000, 0x0000000716200000, 0x0000000716400000|  0%| F|  |TAMS 0x0000000716200000| PB 0x0000000716200000| Untracked |  0
|  98|0x0000000716400000, 0x0000000716400000, 0x0000000716600000|  0%| F|  |TAMS 0x0000000716400000| PB 0x0000000716400000| Untracked |  0
|  99|0x0000000716600000, 0x0000000716600000, 0x0000000716800000|  0%| F|  |TAMS 0x0000000716600000| PB 0x0000000716600000| Untracked |  0
| 100|0x0000000716800000, 0x0000000716800000, 0x0000000716a00000|  0%| F|  |TAMS 0x0000000716800000| PB 0x0000000716800000| Untracked |  0
| 101|0x0000000716a00000, 0x0000000716a00000, 0x0000000716c00000|  0%| F|  |TAMS 0x0000000716a00000| PB 0x0000000716a00000| Untracked |  0
| 102|0x0000000716c00000, 0x0000000716c00000, 0x0000000716e00000|  0%| F|  |TAMS 0x0000000716c00000| PB 0x0000000716c00000| Untracked |  0
| 103|0x0000000716e00000, 0x0000000716e00000, 0x0000000717000000|  0%| F|  |TAMS 0x0000000716e00000| PB 0x0000000716e00000| Untracked |  0
| 104|0x0000000717000000, 0x0000000717000000, 0x0000000717200000|  0%| F|  |TAMS 0x0000000717000000| PB 0x0000000717000000| Untracked |  0
| 105|0x0000000717200000, 0x0000000717200000, 0x0000000717400000|  0%| F|  |TAMS 0x0000000717200000| PB 0x0000000717200000| Untracked |  0
| 106|0x0000000717400000, 0x0000000717400000, 0x0000000717600000|  0%| F|  |TAMS 0x0000000717400000| PB 0x0000000717400000| Untracked |  0
| 107|0x0000000717600000, 0x0000000717600000, 0x0000000717800000|  0%| F|  |TAMS 0x0000000717600000| PB 0x0000000717600000| Untracked |  0
| 108|0x0000000717800000, 0x0000000717800000, 0x0000000717a00000|  0%| F|  |TAMS 0x0000000717800000| PB 0x0000000717800000| Untracked |  0
| 109|0x0000000717a00000, 0x0000000717a00000, 0x0000000717c00000|  0%| F|  |TAMS 0x0000000717a00000| PB 0x0000000717a00000| Untracked |  0
| 110|0x0000000717c00000, 0x0000000717c00000, 0x0000000717e00000|  0%| F|  |TAMS 0x0000000717c00000| PB 0x0000000717c00000| Untracked |  0
| 111|0x0000000717e00000, 0x0000000717e00000, 0x0000000718000000|  0%| F|  |TAMS 0x0000000717e00000| PB 0x0000000717e00000| Untracked |  0
| 112|0x0000000718000000, 0x0000000718000000, 0x0000000718200000|  0%| F|  |TAMS 0x0000000718000000| PB 0x0000000718000000| Untracked |  0
| 113|0x0000000718200000, 0x0000000718200000, 0x0000000718400000|  0%| F|  |TAMS 0x0000000718200000| PB 0x0000000718200000| Untracked |  0
| 114|0x0000000718400000, 0x0000000718400000, 0x0000000718600000|  0%| F|  |TAMS 0x0000000718400000| PB 0x0000000718400000| Untracked |  0
| 115|0x0000000718600000, 0x0000000718600000, 0x0000000718800000|  0%| F|  |TAMS 0x0000000718600000| PB 0x0000000718600000| Untracked |  0
| 116|0x0000000718800000, 0x0000000718800000, 0x0000000718a00000|  0%| F|  |TAMS 0x0000000718800000| PB 0x0000000718800000| Untracked |  0
| 117|0x0000000718a00000, 0x0000000718a00000, 0x0000000718c00000|  0%| F|  |TAMS 0x0000000718a00000| PB 0x0000000718a00000| Untracked |  0
| 118|0x0000000718c00000, 0x0000000718c00000, 0x0000000718e00000|  0%| F|  |TAMS 0x0000000718c00000| PB 0x0000000718c00000| Untracked |  0
| 119|0x0000000718e00000, 0x0000000718e03060, 0x0000000719000000|  0%| S|CS|TAMS 0x0000000718e00000| PB 0x0000000718e00000| Complete |  0
| 120|0x0000000719000000, 0x0000000719000000, 0x0000000719200000|  0%| F|  |TAMS 0x0000000719000000| PB 0x0000000719000000| Untracked |  0
| 121|0x0000000719200000, 0x0000000719200000, 0x0000000719400000|  0%| F|  |TAMS 0x0000000719200000| PB 0x0000000719200000| Untracked |  0
| 122|0x0000000719400000, 0x0000000719400000, 0x0000000719600000|  0%| F|  |TAMS 0x0000000719400000| PB 0x0000000719400000| Untracked |  0
| 123|0x0000000719600000, 0x0000000719600000, 0x0000000719800000|  0%| F|  |TAMS 0x0000000719600000| PB 0x0000000719600000| Untracked |  0
| 124|0x0000000719800000, 0x0000000719800000, 0x0000000719a00000|  0%| F|  |TAMS 0x0000000719800000| PB 0x0000000719800000| Untracked |  0
| 125|0x0000000719a00000, 0x0000000719a00000, 0x0000000719c00000|  0%| F|  |TAMS 0x0000000719a00000| PB 0x0000000719a00000| Untracked |  0
| 126|0x0000000719c00000, 0x0000000719c00000, 0x0000000719e00000|  0%| F|  |TAMS 0x0000000719c00000| PB 0x0000000719c00000| Untracked |  0
| 127|0x0000000719e00000, 0x0000000719e00000, 0x000000071a000000|  0%| F|  |TAMS 0x0000000719e00000| PB 0x0000000719e00000| Untracked |  0
| 128|0x000000071a000000, 0x000000071a000000, 0x000000071a200000|  0%| F|  |TAMS 0x000000071a000000| PB 0x000000071a000000| Untracked |  0
| 129|0x000000071a200000, 0x000000071a200000, 0x000000071a400000|  0%| F|  |TAMS 0x000000071a200000| PB 0x000000071a200000| Untracked |  0
| 130|0x000000071a400000, 0x000000071a400000, 0x000000071a600000|  0%| F|  |TAMS 0x000000071a400000| PB 0x000000071a400000| Untracked |  0
| 131|0x000000071a600000, 0x000000071a600000, 0x000000071a800000|  0%| F|  |TAMS 0x000000071a600000| PB 0x000000071a600000| Untracked |  0
| 132|0x000000071a800000, 0x000000071a800000, 0x000000071aa00000|  0%| F|  |TAMS 0x000000071a800000| PB 0x000000071a800000| Untracked |  0
| 133|0x000000071aa00000, 0x000000071aa00000, 0x000000071ac00000|  0%| F|  |TAMS 0x000000071aa00000| PB 0x000000071aa00000| Untracked |  0
| 134|0x000000071ac00000, 0x000000071ac00000, 0x000000071ae00000|  0%| F|  |TAMS 0x000000071ac00000| PB 0x000000071ac00000| Untracked |  0
| 135|0x000000071ae00000, 0x000000071ae00000, 0x000000071b000000|  0%| F|  |TAMS 0x000000071ae00000| PB 0x000000071ae00000| Untracked |  0
| 136|0x000000071b000000, 0x000000071b000000, 0x000000071b200000|  0%| F|  |TAMS 0x000000071b000000| PB 0x000000071b000000| Untracked |  0
| 137|0x000000071b200000, 0x000000071b200000, 0x000000071b400000|  0%| F|  |TAMS 0x000000071b200000| PB 0x000000071b200000| Untracked |  0
| 138|0x000000071b400000, 0x000000071b400000, 0x000000071b600000|  0%| F|  |TAMS 0x000000071b400000| PB 0x000000071b400000| Untracked |  0
| 139|0x000000071b600000, 0x000000071b600000, 0x000000071b800000|  0%| F|  |TAMS 0x000000071b600000| PB 0x000000071b600000| Untracked |  0
| 140|0x000000071b800000, 0x000000071b800000, 0x000000071ba00000|  0%| F|  |TAMS 0x000000071b800000| PB 0x000000071b800000| Untracked |  0
| 141|0x000000071ba00000, 0x000000071ba00000, 0x000000071bc00000|  0%| F|  |TAMS 0x000000071ba00000| PB 0x000000071ba00000| Untracked |  0
| 142|0x000000071bc00000, 0x000000071bc00000, 0x000000071be00000|  0%| F|  |TAMS 0x000000071bc00000| PB 0x000000071bc00000| Untracked |  0
| 143|0x000000071be00000, 0x000000071be00000, 0x000000071c000000|  0%| F|  |TAMS 0x000000071be00000| PB 0x000000071be00000| Untracked |  0
| 144|0x000000071c000000, 0x000000071c000000, 0x000000071c200000|  0%| F|  |TAMS 0x000000071c000000| PB 0x000000071c000000| Untracked |  0
| 145|0x000000071c200000, 0x000000071c200000, 0x000000071c400000|  0%| F|  |TAMS 0x000000071c200000| PB 0x000000071c200000| Untracked |  0
| 146|0x000000071c400000, 0x000000071c400000, 0x000000071c600000|  0%| F|  |TAMS 0x000000071c400000| PB 0x000000071c400000| Untracked |  0
| 147|0x000000071c600000, 0x000000071c600000, 0x000000071c800000|  0%| F|  |TAMS 0x000000071c600000| PB 0x000000071c600000| Untracked |  0
| 148|0x000000071c800000, 0x000000071c800000, 0x000000071ca00000|  0%| F|  |TAMS 0x000000071c800000| PB 0x000000071c800000| Untracked |  0
| 149|0x000000071ca00000, 0x000000071ca00000, 0x000000071cc00000|  0%| F|  |TAMS 0x000000071ca00000| PB 0x000000071ca00000| Untracked |  0
| 150|0x000000071cc00000, 0x000000071cc00000, 0x000000071ce00000|  0%| F|  |TAMS 0x000000071cc00000| PB 0x000000071cc00000| Untracked |  0
| 151|0x000000071ce00000, 0x000000071ce00000, 0x000000071d000000|  0%| F|  |TAMS 0x000000071ce00000| PB 0x000000071ce00000| Untracked |  0
| 152|0x000000071d000000, 0x000000071d000000, 0x000000071d200000|  0%| F|  |TAMS 0x000000071d000000| PB 0x000000071d000000| Untracked |  0
| 153|0x000000071d200000, 0x000000071d200000, 0x000000071d400000|  0%| F|  |TAMS 0x000000071d200000| PB 0x000000071d200000| Untracked |  0
| 154|0x000000071d400000, 0x000000071d400000, 0x000000071d600000|  0%| F|  |TAMS 0x000000071d400000| PB 0x000000071d400000| Untracked |  0
| 155|0x000000071d600000, 0x000000071d600000, 0x000000071d800000|  0%| F|  |TAMS 0x000000071d600000| PB 0x000000071d600000| Untracked |  0
| 156|0x000000071d800000, 0x000000071d800000, 0x000000071da00000|  0%| F|  |TAMS 0x000000071d800000| PB 0x000000071d800000| Untracked |  0
| 157|0x000000071da00000, 0x000000071da00000, 0x000000071dc00000|  0%| F|  |TAMS 0x000000071da00000| PB 0x000000071da00000| Untracked |  0
| 158|0x000000071dc00000, 0x000000071dc00000, 0x000000071de00000|  0%| F|  |TAMS 0x000000071dc00000| PB 0x000000071dc00000| Untracked |  0
| 159|0x000000071de00000, 0x000000071de00000, 0x000000071e000000|  0%| F|  |TAMS 0x000000071de00000| PB 0x000000071de00000| Untracked |  0
| 160|0x000000071e000000, 0x000000071e000000, 0x000000071e200000|  0%| F|  |TAMS 0x000000071e000000| PB 0x000000071e000000| Untracked |  0
| 161|0x000000071e200000, 0x000000071e200000, 0x000000071e400000|  0%| F|  |TAMS 0x000000071e200000| PB 0x000000071e200000| Untracked |  0
| 162|0x000000071e400000, 0x000000071e400000, 0x000000071e600000|  0%| F|  |TAMS 0x000000071e400000| PB 0x000000071e400000| Untracked |  0
| 163|0x000000071e600000, 0x000000071e600000, 0x000000071e800000|  0%| F|  |TAMS 0x000000071e600000| PB 0x000000071e600000| Untracked |  0
| 164|0x000000071e800000, 0x000000071e800000, 0x000000071ea00000|  0%| F|  |TAMS 0x000000071e800000| PB 0x000000071e800000| Untracked |  0
| 165|0x000000071ea00000, 0x000000071ea00000, 0x000000071ec00000|  0%| F|  |TAMS 0x000000071ea00000| PB 0x000000071ea00000| Untracked |  0
| 166|0x000000071ec00000, 0x000000071ec00000, 0x000000071ee00000|  0%| F|  |TAMS 0x000000071ec00000| PB 0x000000071ec00000| Untracked |  0
| 167|0x000000071ee00000, 0x000000071ee00000, 0x000000071f000000|  0%| F|  |TAMS 0x000000071ee00000| PB 0x000000071ee00000| Untracked |  0
| 168|0x000000071f000000, 0x000000071f000000, 0x000000071f200000|  0%| F|  |TAMS 0x000000071f000000| PB 0x000000071f000000| Untracked |  0
| 169|0x000000071f200000, 0x000000071f200000, 0x000000071f400000|  0%| F|  |TAMS 0x000000071f200000| PB 0x000000071f200000| Untracked |  0
| 170|0x000000071f400000, 0x000000071f400000, 0x000000071f600000|  0%| F|  |TAMS 0x000000071f400000| PB 0x000000071f400000| Untracked |  0
| 171|0x000000071f600000, 0x000000071f600000, 0x000000071f800000|  0%| F|  |TAMS 0x000000071f600000| PB 0x000000071f600000| Untracked |  0
| 172|0x000000071f800000, 0x000000071f800000, 0x000000071fa00000|  0%| F|  |TAMS 0x000000071f800000| PB 0x000000071f800000| Untracked |  0
| 173|0x000000071fa00000, 0x000000071fa00000, 0x000000071fc00000|  0%| F|  |TAMS 0x000000071fa00000| PB 0x000000071fa00000| Untracked |  0
| 174|0x000000071fc00000, 0x000000071fc00000, 0x000000071fe00000|  0%| F|  |TAMS 0x000000071fc00000| PB 0x000000071fc00000| Untracked |  0
| 175|0x000000071fe00000, 0x000000071fe00000, 0x0000000720000000|  0%| F|  |TAMS 0x000000071fe00000| PB 0x000000071fe00000| Untracked |  0
| 176|0x0000000720000000, 0x0000000720000000, 0x0000000720200000|  0%| F|  |TAMS 0x0000000720000000| PB 0x0000000720000000| Untracked |  0
| 177|0x0000000720200000, 0x0000000720200000, 0x0000000720400000|  0%| F|  |TAMS 0x0000000720200000| PB 0x0000000720200000| Untracked |  0
| 178|0x0000000720400000, 0x0000000720400000, 0x0000000720600000|  0%| F|  |TAMS 0x0000000720400000| PB 0x0000000720400000| Untracked |  0
| 179|0x0000000720600000, 0x0000000720600000, 0x0000000720800000|  0%| F|  |TAMS 0x0000000720600000| PB 0x0000000720600000| Untracked |  0
| 180|0x0000000720800000, 0x0000000720800000, 0x0000000720a00000|  0%| F|  |TAMS 0x0000000720800000| PB 0x0000000720800000| Untracked |  0
| 181|0x0000000720a00000, 0x0000000720a00000, 0x0000000720c00000|  0%| F|  |TAMS 0x0000000720a00000| PB 0x0000000720a00000| Untracked |  0
| 182|0x0000000720c00000, 0x0000000720c00000, 0x0000000720e00000|  0%| F|  |TAMS 0x0000000720c00000| PB 0x0000000720c00000| Untracked |  0
| 183|0x0000000720e00000, 0x0000000720e00000, 0x0000000721000000|  0%| F|  |TAMS 0x0000000720e00000| PB 0x0000000720e00000| Untracked |  0
| 184|0x0000000721000000, 0x0000000721000000, 0x0000000721200000|  0%| F|  |TAMS 0x0000000721000000| PB 0x0000000721000000| Untracked |  0
| 185|0x0000000721200000, 0x0000000721200000, 0x0000000721400000|  0%| F|  |TAMS 0x0000000721200000| PB 0x0000000721200000| Untracked |  0
| 186|0x0000000721400000, 0x0000000721400000, 0x0000000721600000|  0%| F|  |TAMS 0x0000000721400000| PB 0x0000000721400000| Untracked |  0
| 187|0x0000000721600000, 0x0000000721600000, 0x0000000721800000|  0%| F|  |TAMS 0x0000000721600000| PB 0x0000000721600000| Untracked |  0
| 188|0x0000000721800000, 0x0000000721800000, 0x0000000721a00000|  0%| F|  |TAMS 0x0000000721800000| PB 0x0000000721800000| Untracked |  0
| 189|0x0000000721a00000, 0x0000000721a00000, 0x0000000721c00000|  0%| F|  |TAMS 0x0000000721a00000| PB 0x0000000721a00000| Untracked |  0
| 190|0x0000000721c00000, 0x0000000721c00000, 0x0000000721e00000|  0%| F|  |TAMS 0x0000000721c00000| PB 0x0000000721c00000| Untracked |  0
| 191|0x0000000721e00000, 0x0000000721e00000, 0x0000000722000000|  0%| F|  |TAMS 0x0000000721e00000| PB 0x0000000721e00000| Untracked |  0
| 192|0x0000000722000000, 0x0000000722000000, 0x0000000722200000|  0%| F|  |TAMS 0x0000000722000000| PB 0x0000000722000000| Untracked |  0
| 193|0x0000000722200000, 0x0000000722200000, 0x0000000722400000|  0%| F|  |TAMS 0x0000000722200000| PB 0x0000000722200000| Untracked |  0
| 194|0x0000000722400000, 0x0000000722400000, 0x0000000722600000|  0%| F|  |TAMS 0x0000000722400000| PB 0x0000000722400000| Untracked |  0
| 195|0x0000000722600000, 0x0000000722600000, 0x0000000722800000|  0%| F|  |TAMS 0x0000000722600000| PB 0x0000000722600000| Untracked |  0
| 196|0x0000000722800000, 0x0000000722800000, 0x0000000722a00000|  0%| F|  |TAMS 0x0000000722800000| PB 0x0000000722800000| Untracked |  0
| 197|0x0000000722a00000, 0x0000000722a00000, 0x0000000722c00000|  0%| F|  |TAMS 0x0000000722a00000| PB 0x0000000722a00000| Untracked |  0
| 198|0x0000000722c00000, 0x0000000722c00000, 0x0000000722e00000|  0%| F|  |TAMS 0x0000000722c00000| PB 0x0000000722c00000| Untracked |  0
| 199|0x0000000722e00000, 0x0000000722e00000, 0x0000000723000000|  0%| F|  |TAMS 0x0000000722e00000| PB 0x0000000722e00000| Untracked |  0
| 200|0x0000000723000000, 0x0000000723000000, 0x0000000723200000|  0%| F|  |TAMS 0x0000000723000000| PB 0x0000000723000000| Untracked |  0
| 201|0x0000000723200000, 0x0000000723200000, 0x0000000723400000|  0%| F|  |TAMS 0x0000000723200000| PB 0x0000000723200000| Untracked |  0
| 202|0x0000000723400000, 0x0000000723400000, 0x0000000723600000|  0%| F|  |TAMS 0x0000000723400000| PB 0x0000000723400000| Untracked |  0
| 203|0x0000000723600000, 0x0000000723600000, 0x0000000723800000|  0%| F|  |TAMS 0x0000000723600000| PB 0x0000000723600000| Untracked |  0
| 204|0x0000000723800000, 0x0000000723800000, 0x0000000723a00000|  0%| F|  |TAMS 0x0000000723800000| PB 0x0000000723800000| Untracked |  0
| 205|0x0000000723a00000, 0x0000000723a00000, 0x0000000723c00000|  0%| F|  |TAMS 0x0000000723a00000| PB 0x0000000723a00000| Untracked |  0
| 206|0x0000000723c00000, 0x0000000723c00000, 0x0000000723e00000|  0%| F|  |TAMS 0x0000000723c00000| PB 0x0000000723c00000| Untracked |  0
| 207|0x0000000723e00000, 0x0000000723e00000, 0x0000000724000000|  0%| F|  |TAMS 0x0000000723e00000| PB 0x0000000723e00000| Untracked |  0
| 208|0x0000000724000000, 0x0000000724000000, 0x0000000724200000|  0%| F|  |TAMS 0x0000000724000000| PB 0x0000000724000000| Untracked |  0
| 209|0x0000000724200000, 0x0000000724200000, 0x0000000724400000|  0%| F|  |TAMS 0x0000000724200000| PB 0x0000000724200000| Untracked |  0
| 210|0x0000000724400000, 0x0000000724400000, 0x0000000724600000|  0%| F|  |TAMS 0x0000000724400000| PB 0x0000000724400000| Untracked |  0
| 211|0x0000000724600000, 0x0000000724600000, 0x0000000724800000|  0%| F|  |TAMS 0x0000000724600000| PB 0x0000000724600000| Untracked |  0
| 212|0x0000000724800000, 0x0000000724800000, 0x0000000724a00000|  0%| F|  |TAMS 0x0000000724800000| PB 0x0000000724800000| Untracked |  0
| 213|0x0000000724a00000, 0x0000000724a00000, 0x0000000724c00000|  0%| F|  |TAMS 0x0000000724a00000| PB 0x0000000724a00000| Untracked |  0
| 214|0x0000000724c00000, 0x0000000724c00000, 0x0000000724e00000|  0%| F|  |TAMS 0x0000000724c00000| PB 0x0000000724c00000| Untracked |  0
| 215|0x0000000724e00000, 0x0000000724e00000, 0x0000000725000000|  0%| F|  |TAMS 0x0000000724e00000| PB 0x0000000724e00000| Untracked |  0
| 216|0x0000000725000000, 0x0000000725000000, 0x0000000725200000|  0%| F|  |TAMS 0x0000000725000000| PB 0x0000000725000000| Untracked |  0
| 217|0x0000000725200000, 0x0000000725200000, 0x0000000725400000|  0%| F|  |TAMS 0x0000000725200000| PB 0x0000000725200000| Untracked |  0
| 218|0x0000000725400000, 0x0000000725400000, 0x0000000725600000|  0%| F|  |TAMS 0x0000000725400000| PB 0x0000000725400000| Untracked |  0
| 219|0x0000000725600000, 0x0000000725600000, 0x0000000725800000|  0%| F|  |TAMS 0x0000000725600000| PB 0x0000000725600000| Untracked |  0
| 220|0x0000000725800000, 0x0000000725800000, 0x0000000725a00000|  0%| F|  |TAMS 0x0000000725800000| PB 0x0000000725800000| Untracked |  0
| 221|0x0000000725a00000, 0x0000000725a00000, 0x0000000725c00000|  0%| F|  |TAMS 0x0000000725a00000| PB 0x0000000725a00000| Untracked |  0
| 222|0x0000000725c00000, 0x0000000725c00000, 0x0000000725e00000|  0%| F|  |TAMS 0x0000000725c00000| PB 0x0000000725c00000| Untracked |  0
| 223|0x0000000725e00000, 0x0000000725e00000, 0x0000000726000000|  0%| F|  |TAMS 0x0000000725e00000| PB 0x0000000725e00000| Untracked |  0
| 224|0x0000000726000000, 0x0000000726000000, 0x0000000726200000|  0%| F|  |TAMS 0x0000000726000000| PB 0x0000000726000000| Untracked |  0
| 225|0x0000000726200000, 0x0000000726200000, 0x0000000726400000|  0%| F|  |TAMS 0x0000000726200000| PB 0x0000000726200000| Untracked |  0
| 226|0x0000000726400000, 0x0000000726400000, 0x0000000726600000|  0%| F|  |TAMS 0x0000000726400000| PB 0x0000000726400000| Untracked |  0
| 227|0x0000000726600000, 0x0000000726600000, 0x0000000726800000|  0%| F|  |TAMS 0x0000000726600000| PB 0x0000000726600000| Untracked |  0
| 228|0x0000000726800000, 0x0000000726800000, 0x0000000726a00000|  0%| F|  |TAMS 0x0000000726800000| PB 0x0000000726800000| Untracked |  0
| 229|0x0000000726a00000, 0x0000000726a00000, 0x0000000726c00000|  0%| F|  |TAMS 0x0000000726a00000| PB 0x0000000726a00000| Untracked |  0
| 230|0x0000000726c00000, 0x0000000726c00000, 0x0000000726e00000|  0%| F|  |TAMS 0x0000000726c00000| PB 0x0000000726c00000| Untracked |  0
| 231|0x0000000726e00000, 0x0000000726e00000, 0x0000000727000000|  0%| F|  |TAMS 0x0000000726e00000| PB 0x0000000726e00000| Untracked |  0
| 232|0x0000000727000000, 0x0000000727000000, 0x0000000727200000|  0%| F|  |TAMS 0x0000000727000000| PB 0x0000000727000000| Untracked |  0
| 233|0x0000000727200000, 0x0000000727200000, 0x0000000727400000|  0%| F|  |TAMS 0x0000000727200000| PB 0x0000000727200000| Untracked |  0
| 234|0x0000000727400000, 0x0000000727400000, 0x0000000727600000|  0%| F|  |TAMS 0x0000000727400000| PB 0x0000000727400000| Untracked |  0
| 235|0x0000000727600000, 0x0000000727600000, 0x0000000727800000|  0%| F|  |TAMS 0x0000000727600000| PB 0x0000000727600000| Untracked |  0
| 236|0x0000000727800000, 0x0000000727800000, 0x0000000727a00000|  0%| F|  |TAMS 0x0000000727800000| PB 0x0000000727800000| Untracked |  0
| 237|0x0000000727a00000, 0x0000000727a00000, 0x0000000727c00000|  0%| F|  |TAMS 0x0000000727a00000| PB 0x0000000727a00000| Untracked |  0
| 238|0x0000000727c00000, 0x0000000727c00000, 0x0000000727e00000|  0%| F|  |TAMS 0x0000000727c00000| PB 0x0000000727c00000| Untracked |  0
| 239|0x0000000727e00000, 0x0000000727e00000, 0x0000000728000000|  0%| F|  |TAMS 0x0000000727e00000| PB 0x0000000727e00000| Untracked |  0
| 240|0x0000000728000000, 0x0000000728000000, 0x0000000728200000|  0%| F|  |TAMS 0x0000000728000000| PB 0x0000000728000000| Untracked |  0
| 241|0x0000000728200000, 0x0000000728200000, 0x0000000728400000|  0%| F|  |TAMS 0x0000000728200000| PB 0x0000000728200000| Untracked |  0
| 242|0x0000000728400000, 0x0000000728400000, 0x0000000728600000|  0%| F|  |TAMS 0x0000000728400000| PB 0x0000000728400000| Untracked |  0
| 243|0x0000000728600000, 0x0000000728600000, 0x0000000728800000|  0%| F|  |TAMS 0x0000000728600000| PB 0x0000000728600000| Untracked |  0
| 244|0x0000000728800000, 0x0000000728800000, 0x0000000728a00000|  0%| F|  |TAMS 0x0000000728800000| PB 0x0000000728800000| Untracked |  0
| 245|0x0000000728a00000, 0x0000000728a00000, 0x0000000728c00000|  0%| F|  |TAMS 0x0000000728a00000| PB 0x0000000728a00000| Untracked |  0
| 246|0x0000000728c00000, 0x0000000728c00000, 0x0000000728e00000|  0%| F|  |TAMS 0x0000000728c00000| PB 0x0000000728c00000| Untracked |  0
| 247|0x0000000728e00000, 0x0000000728e00000, 0x0000000729000000|  0%| F|  |TAMS 0x0000000728e00000| PB 0x0000000728e00000| Untracked |  0
| 248|0x0000000729000000, 0x0000000729000000, 0x0000000729200000|  0%| F|  |TAMS 0x0000000729000000| PB 0x0000000729000000| Untracked |  0
| 249|0x0000000729200000, 0x0000000729200000, 0x0000000729400000|  0%| F|  |TAMS 0x0000000729200000| PB 0x0000000729200000| Untracked |  0
| 250|0x0000000729400000, 0x0000000729400000, 0x0000000729600000|  0%| F|  |TAMS 0x0000000729400000| PB 0x0000000729400000| Untracked |  0
| 251|0x0000000729600000, 0x0000000729600000, 0x0000000729800000|  0%| F|  |TAMS 0x0000000729600000| PB 0x0000000729600000| Untracked |  0
| 252|0x0000000729800000, 0x0000000729800000, 0x0000000729a00000|  0%| F|  |TAMS 0x0000000729800000| PB 0x0000000729800000| Untracked |  0
| 253|0x0000000729a00000, 0x0000000729a00000, 0x0000000729c00000|  0%| F|  |TAMS 0x0000000729a00000| PB 0x0000000729a00000| Untracked |  0
| 254|0x0000000729c00000, 0x0000000729c00000, 0x0000000729e00000|  0%| F|  |TAMS 0x0000000729c00000| PB 0x0000000729c00000| Untracked |  0
| 255|0x0000000729e00000, 0x0000000729e00000, 0x000000072a000000|  0%| F|  |TAMS 0x0000000729e00000| PB 0x0000000729e00000| Untracked |  0
| 256|0x000000072a000000, 0x000000072a000000, 0x000000072a200000|  0%| F|  |TAMS 0x000000072a000000| PB 0x000000072a000000| Untracked |  0
| 257|0x000000072a200000, 0x000000072a200000, 0x000000072a400000|  0%| F|  |TAMS 0x000000072a200000| PB 0x000000072a200000| Untracked |  0
| 258|0x000000072a400000, 0x000000072a400000, 0x000000072a600000|  0%| F|  |TAMS 0x000000072a400000| PB 0x000000072a400000| Untracked |  0
| 259|0x000000072a600000, 0x000000072a600000, 0x000000072a800000|  0%| F|  |TAMS 0x000000072a600000| PB 0x000000072a600000| Untracked |  0
| 260|0x000000072a800000, 0x000000072a800000, 0x000000072aa00000|  0%| F|  |TAMS 0x000000072a800000| PB 0x000000072a800000| Untracked |  0
| 261|0x000000072aa00000, 0x000000072aa00000, 0x000000072ac00000|  0%| F|  |TAMS 0x000000072aa00000| PB 0x000000072aa00000| Untracked |  0
| 262|0x000000072ac00000, 0x000000072ac00000, 0x000000072ae00000|  0%| F|  |TAMS 0x000000072ac00000| PB 0x000000072ac00000| Untracked |  0
| 263|0x000000072ae00000, 0x000000072ae00000, 0x000000072b000000|  0%| F|  |TAMS 0x000000072ae00000| PB 0x000000072ae00000| Untracked |  0
| 264|0x000000072b000000, 0x000000072b000000, 0x000000072b200000|  0%| F|  |TAMS 0x000000072b000000| PB 0x000000072b000000| Untracked |  0
| 265|0x000000072b200000, 0x000000072b200000, 0x000000072b400000|  0%| F|  |TAMS 0x000000072b200000| PB 0x000000072b200000| Untracked |  0
| 266|0x000000072b400000, 0x000000072b400000, 0x000000072b600000|  0%| F|  |TAMS 0x000000072b400000| PB 0x000000072b400000| Untracked |  0
| 267|0x000000072b600000, 0x000000072b600000, 0x000000072b800000|  0%| F|  |TAMS 0x000000072b600000| PB 0x000000072b600000| Untracked |  0
| 268|0x000000072b800000, 0x000000072b900000, 0x000000072ba00000| 50%| E|  |TAMS 0x000000072b800000| PB 0x000000072b800000| Complete |  0
| 269|0x000000072ba00000, 0x000000072bc00000, 0x000000072bc00000|100%| E|CS|TAMS 0x000000072ba00000| PB 0x000000072ba00000| Complete |  0
| 270|0x000000072bc00000, 0x000000072be00000, 0x000000072be00000|100%| E|CS|TAMS 0x000000072bc00000| PB 0x000000072bc00000| Complete |  0
| 271|0x000000072be00000, 0x000000072c000000, 0x000000072c000000|100%| E|CS|TAMS 0x000000072be00000| PB 0x000000072be00000| Complete |  0
| 272|0x000000072c000000, 0x000000072c200000, 0x000000072c200000|100%| E|CS|TAMS 0x000000072c000000| PB 0x000000072c000000| Complete |  0
| 273|0x000000072c200000, 0x000000072c400000, 0x000000072c400000|100%| E|CS|TAMS 0x000000072c200000| PB 0x000000072c200000| Complete |  0
| 274|0x000000072c400000, 0x000000072c600000, 0x000000072c600000|100%| E|CS|TAMS 0x000000072c400000| PB 0x000000072c400000| Complete |  0
| 275|0x000000072c600000, 0x000000072c800000, 0x000000072c800000|100%| E|CS|TAMS 0x000000072c600000| PB 0x000000072c600000| Complete |  0
| 276|0x000000072c800000, 0x000000072ca00000, 0x000000072ca00000|100%| E|CS|TAMS 0x000000072c800000| PB 0x000000072c800000| Complete |  0
| 277|0x000000072ca00000, 0x000000072cc00000, 0x000000072cc00000|100%| E|CS|TAMS 0x000000072ca00000| PB 0x000000072ca00000| Complete |  0
| 278|0x000000072cc00000, 0x000000072ce00000, 0x000000072ce00000|100%| E|CS|TAMS 0x000000072cc00000| PB 0x000000072cc00000| Complete |  0
| 279|0x000000072ce00000, 0x000000072d000000, 0x000000072d000000|100%| E|CS|TAMS 0x000000072ce00000| PB 0x000000072ce00000| Complete |  0
| 280|0x000000072d000000, 0x000000072d200000, 0x000000072d200000|100%| E|CS|TAMS 0x000000072d000000| PB 0x000000072d000000| Complete |  0
| 281|0x000000072d200000, 0x000000072d400000, 0x000000072d400000|100%| E|CS|TAMS 0x000000072d200000| PB 0x000000072d200000| Complete |  0
| 282|0x000000072d400000, 0x000000072d600000, 0x000000072d600000|100%| E|CS|TAMS 0x000000072d400000| PB 0x000000072d400000| Complete |  0
| 283|0x000000072d600000, 0x000000072d800000, 0x000000072d800000|100%| E|CS|TAMS 0x000000072d600000| PB 0x000000072d600000| Complete |  0
| 284|0x000000072d800000, 0x000000072da00000, 0x000000072da00000|100%| E|CS|TAMS 0x000000072d800000| PB 0x000000072d800000| Complete |  0
| 285|0x000000072da00000, 0x000000072dc00000, 0x000000072dc00000|100%| E|CS|TAMS 0x000000072da00000| PB 0x000000072da00000| Complete |  0
| 286|0x000000072dc00000, 0x000000072de00000, 0x000000072de00000|100%| E|CS|TAMS 0x000000072dc00000| PB 0x000000072dc00000| Complete |  0
| 287|0x000000072de00000, 0x000000072e000000, 0x000000072e000000|100%| E|CS|TAMS 0x000000072de00000| PB 0x000000072de00000| Complete |  0
| 288|0x000000072e000000, 0x000000072e200000, 0x000000072e200000|100%| E|CS|TAMS 0x000000072e000000| PB 0x000000072e000000| Complete |  0
| 289|0x000000072e200000, 0x000000072e400000, 0x000000072e400000|100%| E|CS|TAMS 0x000000072e200000| PB 0x000000072e200000| Complete |  0
| 290|0x000000072e400000, 0x000000072e600000, 0x000000072e600000|100%| E|CS|TAMS 0x000000072e400000| PB 0x000000072e400000| Complete |  0
| 291|0x000000072e600000, 0x000000072e800000, 0x000000072e800000|100%| E|CS|TAMS 0x000000072e600000| PB 0x000000072e600000| Complete |  0
| 292|0x000000072e800000, 0x000000072ea00000, 0x000000072ea00000|100%| E|CS|TAMS 0x000000072e800000| PB 0x000000072e800000| Complete |  0
| 293|0x000000072ea00000, 0x000000072ec00000, 0x000000072ec00000|100%| E|CS|TAMS 0x000000072ea00000| PB 0x000000072ea00000| Complete |  0
| 294|0x000000072ec00000, 0x000000072ee00000, 0x000000072ee00000|100%| E|CS|TAMS 0x000000072ec00000| PB 0x000000072ec00000| Complete |  0
| 295|0x000000072ee00000, 0x000000072f000000, 0x000000072f000000|100%| E|CS|TAMS 0x000000072ee00000| PB 0x000000072ee00000| Complete |  0

Card table byte_map: [0x000001f823910000,0x000001f8240c0000] _byte_map_base: 0x000001f8200c0000

Marking Bits: (CMBitMap*) 0x000001f80adcf880
 Bits: [0x000001f8240c0000, 0x000001f827e40000)

Polling page: 0x000001f80a530000

Metaspace:

Usage:
  Non-class:      1.10 MB used.
      Class:    100.14 KB used.
       Both:      1.20 MB used.

Virtual space:
  Non-class space:       64.00 MB reserved,       1.19 MB (  2%) committed,  1 nodes.
      Class space:        1.00 GB reserved,     192.00 KB ( <1%) committed,  1 nodes.
             Both:        1.06 GB reserved,       1.38 MB ( <1%) committed. 

Chunk freelists:
   Non-Class:  11.82 MB
       Class:  15.69 MB
        Both:  27.51 MB

MaxMetaspaceSize: unlimited
CompressedClassSpaceSize: 1.00 GB
Initial GC threshold: 21.00 MB
Current GC threshold: 21.00 MB
CDS: on
 - commit_granule_bytes: 65536.
 - commit_granule_words: 8192.
 - virtual_space_node_default_size: 8388608.
 - enlarge_chunks_in_place: 1.
 - use_allocation_guard: 0.


Internal statistics:

num_allocs_failed_limit: 0.
num_arena_births: 74.
num_arena_deaths: 0.
num_vsnodes_births: 2.
num_vsnodes_deaths: 0.
num_space_committed: 22.
num_space_uncommitted: 0.
num_chunks_returned_to_freelist: 0.
num_chunks_taken_from_freelist: 90.
num_chunk_merges: 0.
num_chunk_splits: 57.
num_chunks_enlarged: 33.
num_inconsistent_stats: 0.

CodeHeap 'non-profiled nmethods': size=119232Kb used=267Kb max_used=267Kb free=118965Kb
 bounds [0x000001f81b030000, 0x000001f81b2a0000, 0x000001f8224a0000]
CodeHeap 'profiled nmethods': size=119104Kb used=684Kb max_used=684Kb free=118419Kb
 bounds [0x000001f8134a0000, 0x000001f813710000, 0x000001f81a8f0000]
CodeHeap 'non-nmethods': size=7424Kb used=1328Kb max_used=3058Kb free=6095Kb
 bounds [0x000001f81a8f0000, 0x000001f81ac00000, 0x000001f81b030000]
CodeCache: size=245760Kb, used=2279Kb, max_used=4009Kb, free=243479Kb
 total_blobs=1065, nmethods=619, adapters=352, full_count=0
Compilation: enabled, stopped_count=0, restarted_count=0

Compilation events (20 events):
Event: 38839.801 Thread 0x000001f82b268710 nmethod 610 0x000001f813544208 code [0x000001f813544320, 0x000001f813544520]
Event: 38839.801 Thread 0x000001f82b268710  612       3       java.lang.Integer::parseInt (314 bytes)
Event: 38839.801 Thread 0x000001f82a690fb0 nmethod 609 0x000001f81b072608 code [0x000001f81b072720, 0x000001f81b072810]
Event: 38839.802 Thread 0x000001f82b2cdab0  617       3       java.util.Formatter$FormatSpecifierParser::parseFlag (54 bytes)
Event: 38839.802 Thread 0x000001f82b2cdab0 nmethod 617 0x000001f813544588 code [0x000001f813544720, 0x000001f813544dd8]
Event: 38839.802 Thread 0x000001f82b2cdab0  616       3       java.util.Formatter$FormatSpecifierParser::parseArgument (103 bytes)
Event: 38839.803 Thread 0x000001f82b2cdab0 nmethod 616 0x000001f813544e88 code [0x000001f813545080, 0x000001f813545d00]
Event: 38839.803 Thread 0x000001f82b2cdab0  611       3       java.lang.CharacterDataLatin1::getPropertiesEx (11 bytes)
Event: 38839.803 Thread 0x000001f82b2cdab0 nmethod 611 0x000001f813545d88 code [0x000001f813545ea0, 0x000001f813545fe0]
Event: 38839.803 Thread 0x000001f82b2cdab0  613       3       java.util.Objects::checkFromToIndex (8 bytes)
Event: 38839.803 Thread 0x000001f82b2cdab0 nmethod 613 0x000001f813546088 code [0x000001f8135461c0, 0x000001f8135463d8]
Event: 38839.803 Thread 0x000001f82b2cdab0  618       3       java.util.Formatter$Flags::isFlag (138 bytes)
Event: 38839.804 Thread 0x000001f82b268710 nmethod 612 0x000001f813546408 code [0x000001f813546880, 0x000001f813549140]
Event: 38839.804 Thread 0x000001f82b268710  614       3       java.util.Locale::getDefault (63 bytes)
Event: 38839.804 Thread 0x000001f82b2cdab0 nmethod 618 0x000001f813549208 code [0x000001f813549320, 0x000001f813549640]
Event: 38839.804 Thread 0x000001f82b2cdab0  615       3       java.util.Formatter$FormatSpecifierParser::parse (228 bytes)
Event: 38839.804 Thread 0x000001f82b268710 nmethod 614 0x000001f813549688 code [0x000001f813549820, 0x000001f81354a110]
Event: 38839.804 Thread 0x000001f82b268710  619       1       java.text.DecimalFormatSymbols::getZeroDigit (5 bytes)
Event: 38839.805 Thread 0x000001f82b268710 nmethod 619 0x000001f81b072908 code [0x000001f81b072a20, 0x000001f81b072af0]
Event: 38839.805 Thread 0x000001f82b2cdab0 nmethod 615 0x000001f81354a188 code [0x000001f81354a3e0, 0x000001f81354b248]

GC Heap History (20 events):
Event: 38864.539 GC heap before
{Heap before GC invocations=2301 (full 0):
 garbage-first heap   total reserved 4030464K, committed 606208K, used 362051K [0x000000070a000000, 0x0000000800000000)
  region size 2048K, 177 young (362496K), 1 survivors (2048K)
 Metaspace       used 1225K, committed 1408K, reserved 1114112K
  class space    used 100K, committed 192K, reserved 1048576K
}
Event: 38864.542 GC heap after
{Heap after GC invocations=2302 (full 0):
 garbage-first heap   total reserved 4030464K, committed 606208K, used 1601K [0x000000070a000000, 0x0000000800000000)
  region size 2048K, 1 young (2048K), 1 survivors (2048K)
 Metaspace       used 1225K, committed 1408K, reserved 1114112K
  class space    used 100K, committed 192K, reserved 1048576K
}
Event: 38864.829 GC heap before
{Heap before GC invocations=2302 (full 0):
 garbage-first heap   total reserved 4030464K, committed 606208K, used 362049K [0x000000070a000000, 0x0000000800000000)
  region size 2048K, 177 young (362496K), 1 survivors (2048K)
 Metaspace       used 1225K, committed 1408K, reserved 1114112K
  class space    used 100K, committed 192K, reserved 1048576K
}
Event: 38864.832 GC heap after
{Heap after GC invocations=2303 (full 0):
 garbage-first heap   total reserved 4030464K, committed 606208K, used 1609K [0x000000070a000000, 0x0000000800000000)
  region size 2048K, 1 young (2048K), 1 survivors (2048K)
 Metaspace       used 1225K, committed 1408K, reserved 1114112K
  class space    used 100K, committed 192K, reserved 1048576K
}
Event: 38865.060 GC heap before
{Heap before GC invocations=2303 (full 0):
 garbage-first heap   total reserved 4030464K, committed 606208K, used 362057K [0x000000070a000000, 0x0000000800000000)
  region size 2048K, 177 young (362496K), 1 survivors (2048K)
 Metaspace       used 1225K, committed 1408K, reserved 1114112K
  class space    used 100K, committed 192K, reserved 1048576K
}
Event: 38865.062 GC heap after
{Heap after GC invocations=2304 (full 0):
 garbage-first heap   total reserved 4030464K, committed 606208K, used 1603K [0x000000070a000000, 0x0000000800000000)
  region size 2048K, 1 young (2048K), 1 survivors (2048K)
 Metaspace       used 1225K, committed 1408K, reserved 1114112K
  class space    used 100K, committed 192K, reserved 1048576K
}
Event: 38865.320 GC heap before
{Heap before GC invocations=2304 (full 0):
 garbage-first heap   total reserved 4030464K, committed 606208K, used 362051K [0x000000070a000000, 0x0000000800000000)
  region size 2048K, 177 young (362496K), 1 survivors (2048K)
 Metaspace       used 1225K, committed 1408K, reserved 1114112K
  class space    used 100K, committed 192K, reserved 1048576K
}
Event: 38865.323 GC heap after
{Heap after GC invocations=2305 (full 0):
 garbage-first heap   total reserved 4030464K, committed 606208K, used 1603K [0x000000070a000000, 0x0000000800000000)
  region size 2048K, 1 young (2048K), 1 survivors (2048K)
 Metaspace       used 1225K, committed 1408K, reserved 1114112K
  class space    used 100K, committed 192K, reserved 1048576K
}
Event: 38865.595 GC heap before
{Heap before GC invocations=2305 (full 0):
 garbage-first heap   total reserved 4030464K, committed 606208K, used 362051K [0x000000070a000000, 0x0000000800000000)
  region size 2048K, 177 young (362496K), 1 survivors (2048K)
 Metaspace       used 1225K, committed 1408K, reserved 1114112K
  class space    used 100K, committed 192K, reserved 1048576K
}
Event: 38865.598 GC heap after
{Heap after GC invocations=2306 (full 0):
 garbage-first heap   total reserved 4030464K, committed 606208K, used 1603K [0x000000070a000000, 0x0000000800000000)
  region size 2048K, 1 young (2048K), 1 survivors (2048K)
 Metaspace       used 1225K, committed 1408K, reserved 1114112K
  class space    used 100K, committed 192K, reserved 1048576K
}
Event: 38865.845 GC heap before
{Heap before GC invocations=2306 (full 0):
 garbage-first heap   total reserved 4030464K, committed 606208K, used 362051K [0x000000070a000000, 0x0000000800000000)
  region size 2048K, 177 young (362496K), 1 survivors (2048K)
 Metaspace       used 1225K, committed 1408K, reserved 1114112K
  class space    used 100K, committed 192K, reserved 1048576K
}
Event: 38865.847 GC heap after
{Heap after GC invocations=2307 (full 0):
 garbage-first heap   total reserved 4030464K, committed 606208K, used 1601K [0x000000070a000000, 0x0000000800000000)
  region size 2048K, 1 young (2048K), 1 survivors (2048K)
 Metaspace       used 1225K, committed 1408K, reserved 1114112K
  class space    used 100K, committed 192K, reserved 1048576K
}
Event: 38866.089 GC heap before
{Heap before GC invocations=2307 (full 0):
 garbage-first heap   total reserved 4030464K, committed 606208K, used 362049K [0x000000070a000000, 0x0000000800000000)
  region size 2048K, 177 young (362496K), 1 survivors (2048K)
 Metaspace       used 1225K, committed 1408K, reserved 1114112K
  class space    used 100K, committed 192K, reserved 1048576K
}
Event: 38866.093 GC heap after
{Heap after GC invocations=2308 (full 0):
 garbage-first heap   total reserved 4030464K, committed 606208K, used 1603K [0x000000070a000000, 0x0000000800000000)
  region size 2048K, 1 young (2048K), 1 survivors (2048K)
 Metaspace       used 1225K, committed 1408K, reserved 1114112K
  class space    used 100K, committed 192K, reserved 1048576K
}
Event: 38866.378 GC heap before
{Heap before GC invocations=2308 (full 0):
 garbage-first heap   total reserved 4030464K, committed 606208K, used 362051K [0x000000070a000000, 0x0000000800000000)
  region size 2048K, 177 young (362496K), 1 survivors (2048K)
 Metaspace       used 1225K, committed 1408K, reserved 1114112K
  class space    used 100K, committed 192K, reserved 1048576K
}
Event: 38866.379 GC heap after
{Heap after GC invocations=2309 (full 0):
 garbage-first heap   total reserved 4030464K, committed 606208K, used 1605K [0x000000070a000000, 0x0000000800000000)
  region size 2048K, 1 young (2048K), 1 survivors (2048K)
 Metaspace       used 1225K, committed 1408K, reserved 1114112K
  class space    used 100K, committed 192K, reserved 1048576K
}
Event: 38866.628 GC heap before
{Heap before GC invocations=2309 (full 0):
 garbage-first heap   total reserved 4030464K, committed 606208K, used 362053K [0x000000070a000000, 0x0000000800000000)
  region size 2048K, 177 young (362496K), 1 survivors (2048K)
 Metaspace       used 1225K, committed 1408K, reserved 1114112K
  class space    used 100K, committed 192K, reserved 1048576K
}
Event: 38866.630 GC heap after
{Heap after GC invocations=2310 (full 0):
 garbage-first heap   total reserved 4030464K, committed 606208K, used 1605K [0x000000070a000000, 0x0000000800000000)
  region size 2048K, 1 young (2048K), 1 survivors (2048K)
 Metaspace       used 1225K, committed 1408K, reserved 1114112K
  class space    used 100K, committed 192K, reserved 1048576K
}
Event: 38866.843 GC heap before
{Heap before GC invocations=2310 (full 0):
 garbage-first heap   total reserved 4030464K, committed 606208K, used 362053K [0x000000070a000000, 0x0000000800000000)
  region size 2048K, 177 young (362496K), 1 survivors (2048K)
 Metaspace       used 1225K, committed 1408K, reserved 1114112K
  class space    used 100K, committed 192K, reserved 1048576K
}
Event: 38866.845 GC heap after
{Heap after GC invocations=2311 (full 0):
 garbage-first heap   total reserved 4030464K, committed 606208K, used 1599K [0x000000070a000000, 0x0000000800000000)
  region size 2048K, 1 young (2048K), 1 survivors (2048K)
 Metaspace       used 1225K, committed 1408K, reserved 1114112K
  class space    used 100K, committed 192K, reserved 1048576K
}

Dll operation events (10 events):
Event: 0.010 Loaded shared library C:\Users\mleve\.jdks\openjdk-23.0.1-1\bin\java.dll
Event: 0.049 Loaded shared library C:\Users\mleve\.jdks\openjdk-23.0.1-1\bin\jsvml.dll
Event: 0.091 Loaded shared library C:\Users\mleve\.jdks\openjdk-23.0.1-1\bin\zip.dll
Event: 0.096 Loaded shared library C:\Users\mleve\.jdks\openjdk-23.0.1-1\bin\instrument.dll
Event: 0.103 Loaded shared library C:\Users\mleve\.jdks\openjdk-23.0.1-1\bin\net.dll
Event: 0.105 Loaded shared library C:\Users\mleve\.jdks\openjdk-23.0.1-1\bin\nio.dll
Event: 0.109 Loaded shared library C:\Users\mleve\.jdks\openjdk-23.0.1-1\bin\zip.dll
Event: 0.119 Loaded shared library C:\Program Files\JetBrains\IntelliJ IDEA 2024.2.4\bin\breakgen64.dll
Event: 0.128 Loaded shared library C:\Users\mleve\.jdks\openjdk-23.0.1-1\bin\extnet.dll
Event: 0.164 Loaded shared library C:\Users\mleve\.jdks\openjdk-23.0.1-1\bin\jimage.dll

Deoptimization events (20 events):
Event: 0.229 Thread 0x000001f80ad69600 Uncommon trap: trap_request=0xffffffd6 fr.pc=0x000001f81b0567f8 relative=0x0000000000000978
Event: 0.229 Thread 0x000001f80ad69600 Uncommon trap: reason=array_check action=maybe_recompile pc=0x000001f81b0567f8 method=GameState.<init>(LGameState;)V @ 54 c2
Event: 0.229 Thread 0x000001f80ad69600 DEOPT PACKING pc=0x000001f81b0567f8 sp=0x000000f4546feff0
Event: 0.229 Thread 0x000001f80ad69600 DEOPT UNPACKING pc=0x000001f81a944402 sp=0x000000f4546fefe8 mode 2
Event: 0.229 Thread 0x000001f80ad69600 Uncommon trap: trap_request=0xffffff45 fr.pc=0x000001f81b054da4 relative=0x0000000000000404
Event: 0.229 Thread 0x000001f80ad69600 Uncommon trap: reason=unstable_if action=reinterpret pc=0x000001f81b054da4 method=java.util.ArrayList.<init>(Ljava/util/Collection;)V @ 18 c2
Event: 0.229 Thread 0x000001f80ad69600 DEOPT PACKING pc=0x000001f81b054da4 sp=0x000000f4546fed80
Event: 0.229 Thread 0x000001f80ad69600 DEOPT UNPACKING pc=0x000001f81a944402 sp=0x000000f4546fed58 mode 2
Event: 0.230 Thread 0x000001f80ad69600 Uncommon trap: trap_request=0xffffff45 fr.pc=0x000001f81b053e8c relative=0x00000000000007cc
Event: 0.230 Thread 0x000001f80ad69600 Uncommon trap: reason=unstable_if action=reinterpret pc=0x000001f81b053e8c method=java.util.ArrayList.grow(I)[Ljava/lang/Object; @ 17 c2
Event: 0.230 Thread 0x000001f80ad69600 DEOPT PACKING pc=0x000001f81b053e8c sp=0x000000f4546fee10
Event: 0.230 Thread 0x000001f80ad69600 DEOPT UNPACKING pc=0x000001f81a944402 sp=0x000000f4546fec98 mode 2
Event: 0.230 Thread 0x000001f80ad69600 Uncommon trap: trap_request=0xffffff45 fr.pc=0x000001f81b055c14 relative=0x0000000000000654
Event: 0.230 Thread 0x000001f80ad69600 Uncommon trap: reason=unstable_if action=reinterpret pc=0x000001f81b055c14 method=java.util.ArrayList.grow(I)[Ljava/lang/Object; @ 17 c2
Event: 0.230 Thread 0x000001f80ad69600 DEOPT PACKING pc=0x000001f81b055c14 sp=0x000000f4546fed20
Event: 0.230 Thread 0x000001f80ad69600 DEOPT UNPACKING pc=0x000001f81a944402 sp=0x000000f4546fecd8 mode 2
Event: 0.356 Thread 0x000001f80ad69600 Uncommon trap: trap_request=0xffffff45 fr.pc=0x000001f81b062ccc relative=0x0000000000003e6c
Event: 0.356 Thread 0x000001f80ad69600 Uncommon trap: reason=unstable_if action=reinterpret pc=0x000001f81b062ccc method=GameState.getPossibleMoves()Ljava/util/List; @ 57 c2
Event: 0.356 Thread 0x000001f80ad69600 DEOPT PACKING pc=0x000001f81b062ccc sp=0x000000f4546ff090
Event: 0.356 Thread 0x000001f80ad69600 DEOPT UNPACKING pc=0x000001f81a944402 sp=0x000000f4546ff078 mode 2

Classes loaded (20 events):
Event: 0.163 Loading class jdk/internal/module/ModulePatcher$PatchedModuleReader
Event: 0.163 Loading class jdk/internal/module/ModulePatcher$PatchedModuleReader done
Event: 0.164 Loading class jdk/internal/jimage/ImageLocation
Event: 0.165 Loading class jdk/internal/jimage/ImageLocation done
Event: 0.165 Loading class sun/net/www/protocol/jrt/Handler
Event: 0.165 Loading class sun/net/www/protocol/jrt/Handler done
Event: 0.172 Loading class sun/util/resources/LocaleData$CommonResourceBundleProvider
Event: 0.172 Loading class sun/util/resources/LocaleData$LocaleDataResourceBundleProvider
Event: 0.172 Loading class java/util/spi/ResourceBundleProvider
Event: 0.172 Loading class java/util/spi/ResourceBundleProvider done
Event: 0.172 Loading class sun/util/resources/LocaleData$LocaleDataResourceBundleProvider done
Event: 0.172 Loading class sun/util/resources/LocaleData$CommonResourceBundleProvider done
Event: 0.174 Loading class sun/util/resources/Bundles$2
Event: 0.174 Loading class sun/util/resources/Bundles$2 done
Event: 0.174 Loading class java/lang/InstantiationException
Event: 0.174 Loading class java/lang/InstantiationException done
Event: 0.174 Loading class java/lang/IllegalAccessException
Event: 0.174 Loading class java/lang/IllegalAccessException done
Event: 0.222 Loading class java/lang/NoSuchFieldError
Event: 0.223 Loading class java/lang/NoSuchFieldError done

Classes unloaded (0 events):
No events

Classes redefined (0 events):
No events

Internal exceptions (2 events):
Event: 0.116 Thread 0x000001f80ad69600 Exception <a 'java/lang/NoSuchMethodError'{0x00000007192db048}: 'java.lang.Object java.lang.invoke.Invokers$Holder.invokeExact_MT(java.lang.Object, java.lang.Object, java.lang.Object, java.lang.Object, java.lang.Object)'> (0x00000007192db048) 
thrown [s\open\src\hotspot\share\interpreter\linkResolver.cpp, line 796]
Event: 0.129 Thread 0x000001f82b4c7fb0 Exception <a 'java/lang/NoSuchMethodError'{0x00000007192feed0}: 'void java.lang.invoke.DirectMethodHandle$Holder.invokeStatic(java.lang.Object, java.lang.Object)'> (0x00000007192feed0) 
thrown [s\open\src\hotspot\share\interpreter\linkResolver.cpp, line 796]

VM Operations (20 events):
Event: 38864.539 Executing VM operation: G1CollectForAllocation (G1 Evacuation Pause)
Event: 38864.542 Executing VM operation: G1CollectForAllocation (G1 Evacuation Pause) done
Event: 38864.829 Executing VM operation: G1CollectForAllocation (G1 Evacuation Pause)
Event: 38864.832 Executing VM operation: G1CollectForAllocation (G1 Evacuation Pause) done
Event: 38865.060 Executing VM operation: G1CollectForAllocation (G1 Evacuation Pause)
Event: 38865.062 Executing VM operation: G1CollectForAllocation (G1 Evacuation Pause) done
Event: 38865.320 Executing VM operation: G1CollectForAllocation (G1 Evacuation Pause)
Event: 38865.323 Executing VM operation: G1CollectForAllocation (G1 Evacuation Pause) done
Event: 38865.595 Executing VM operation: G1CollectForAllocation (G1 Evacuation Pause)
Event: 38865.598 Executing VM operation: G1CollectForAllocation (G1 Evacuation Pause) done
Event: 38865.845 Executing VM operation: G1CollectForAllocation (G1 Evacuation Pause)
Event: 38865.847 Executing VM operation: G1CollectForAllocation (G1 Evacuation Pause) done
Event: 38866.089 Executing VM operation: G1CollectForAllocation (G1 Evacuation Pause)
Event: 38866.093 Executing VM operation: G1CollectForAllocation (G1 Evacuation Pause) done
Event: 38866.378 Executing VM operation: G1CollectForAllocation (G1 Evacuation Pause)
Event: 38866.379 Executing VM operation: G1CollectForAllocation (G1 Evacuation Pause) done
Event: 38866.628 Executing VM operation: G1CollectForAllocation (G1 Evacuation Pause)
Event: 38866.630 Executing VM operation: G1CollectForAllocation (G1 Evacuation Pause) done
Event: 38866.843 Executing VM operation: G1CollectForAllocation (G1 Evacuation Pause)
Event: 38866.845 Executing VM operation: G1CollectForAllocation (G1 Evacuation Pause) done

Memory protections (0 events):
No events

Nmethod flushes (0 events):
No events

Events (20 events):
Event: 0.625 Thread 0x000001f82b60c8f0 Thread exited: 0x000001f82b60c8f0
Event: 0.625 Thread 0x000001f82b616900 Thread exited: 0x000001f82b616900
Event: 5.622 Thread 0x000001f82b39d3f0 Thread exited: 0x000001f82b39d3f0
Event: 5.638 Thread 0x000001f82b5e2530 Thread exited: 0x000001f82b5e2530
Event: 10.633 Thread 0x000001f82b39c410 Thread exited: 0x000001f82b39c410
Event: 10.634 Thread 0x000001f82b392840 Thread exited: 0x000001f82b392840
Event: 33.364 Thread 0x000001f82b268710 Thread added: 0x000001f82b39d3f0
Event: 33.364 Thread 0x000001f82b268710 Thread added: 0x000001f80895b2d0
Event: 33.365 Thread 0x000001f82b268710 Thread added: 0x000001f82b615e70
Event: 38.369 Thread 0x000001f82b615e70 Thread exited: 0x000001f82b615e70
Event: 38.370 Thread 0x000001f80895b2d0 Thread exited: 0x000001f80895b2d0
Event: 43.379 Thread 0x000001f82b39d3f0 Thread exited: 0x000001f82b39d3f0
Event: 38617.043 Thread 0x000001f82b268710 Thread added: 0x000001f82b2cdab0
Event: 38617.043 Thread 0x000001f82b268710 Thread added: 0x000001f82bacaa60
Event: 38617.043 Thread 0x000001f82b268710 Thread added: 0x000001f82b611c60
Event: 38622.055 Thread 0x000001f82b611c60 Thread exited: 0x000001f82b611c60
Event: 38627.059 Thread 0x000001f82bacaa60 Thread exited: 0x000001f82bacaa60
Event: 38632.062 Thread 0x000001f82b2cdab0 Thread exited: 0x000001f82b2cdab0
Event: 38839.801 Thread 0x000001f82a690fb0 Thread added: 0x000001f82b2cdab0
Event: 38844.804 Thread 0x000001f82b2cdab0 Thread exited: 0x000001f82b2cdab0


Dynamic libraries:
0x00007ff6e7de0000 - 0x00007ff6e7dee000 	C:\Users\mleve\.jdks\openjdk-23.0.1-1\bin\java.exe
0x00007ffe54970000 - 0x00007ffe54b88000 	C:\Windows\SYSTEM32\ntdll.dll
0x00007ffe53920000 - 0x00007ffe539e4000 	C:\Windows\System32\KERNEL32.DLL
0x00007ffe52160000 - 0x00007ffe52533000 	C:\Windows\System32\KERNELBASE.dll
0x00007ffe51de0000 - 0x00007ffe51ef1000 	C:\Windows\System32\ucrtbase.dll
0x00007ffe4b4a0000 - 0x00007ffe4b4b7000 	C:\Users\mleve\.jdks\openjdk-23.0.1-1\bin\jli.dll
0x00007ffe49b50000 - 0x00007ffe49b6b000 	C:\Users\mleve\.jdks\openjdk-23.0.1-1\bin\VCRUNTIME140.dll
0x00007ffe54300000 - 0x00007ffe544b2000 	C:\Windows\System32\USER32.dll
0x00007ffe52130000 - 0x00007ffe52156000 	C:\Windows\System32\win32u.dll
0x00007ffe50de0000 - 0x00007ffe5107c000 	C:\Windows\WinSxS\amd64_microsoft.windows.common-controls_6595b64144ccf1df_6.0.22621.6060_none_2712eda17382d24b\COMCTL32.dll
0x00007ffe53a70000 - 0x00007ffe53a99000 	C:\Windows\System32\GDI32.dll
0x00007ffe530d0000 - 0x00007ffe53177000 	C:\Windows\System32\msvcrt.dll
0x00007ffe51a80000 - 0x00007ffe51b9b000 	C:\Windows\System32\gdi32full.dll
0x00007ffe52540000 - 0x00007ffe525da000 	C:\Windows\System32\msvcp_win.dll
0x00007ffe544c0000 - 0x00007ffe544f1000 	C:\Windows\System32\IMM32.DLL
0x00007ffe4b480000 - 0x00007ffe4b48c000 	C:\Users\mleve\.jdks\openjdk-23.0.1-1\bin\vcruntime140_1.dll
0x00007ffe21c00000 - 0x00007ffe21c8e000 	C:\Users\mleve\.jdks\openjdk-23.0.1-1\bin\msvcp140.dll
0x00007ffdd8fe0000 - 0x00007ffdd9d2f000 	C:\Users\mleve\.jdks\openjdk-23.0.1-1\bin\server\jvm.dll
0x00007ffe533a0000 - 0x00007ffe53451000 	C:\Windows\System32\ADVAPI32.dll
0x00007ffe53180000 - 0x00007ffe53228000 	C:\Windows\System32\sechost.dll
0x00007ffe525e0000 - 0x00007ffe52608000 	C:\Windows\System32\bcrypt.dll
0x00007ffe54550000 - 0x00007ffe54668000 	C:\Windows\System32\RPCRT4.dll
0x00007ffe539f0000 - 0x00007ffe53a61000 	C:\Windows\System32\WS2_32.dll
0x00007ffe515d0000 - 0x00007ffe5161d000 	C:\Windows\SYSTEM32\POWRPROF.dll
0x00007ffe49b90000 - 0x00007ffe49bc4000 	C:\Windows\SYSTEM32\WINMM.dll
0x00007ffe47030000 - 0x00007ffe4703a000 	C:\Windows\SYSTEM32\VERSION.dll
0x00007ffe51260000 - 0x00007ffe51273000 	C:\Windows\SYSTEM32\UMPDC.dll
0x00007ffe50180000 - 0x00007ffe50198000 	C:\Windows\SYSTEM32\kernel.appcore.dll
0x00007ffe4b2d0000 - 0x00007ffe4b2da000 	C:\Users\mleve\.jdks\openjdk-23.0.1-1\bin\jimage.dll
0x00007ffe51390000 - 0x00007ffe515c3000 	C:\Windows\SYSTEM32\DBGHELP.DLL
0x00007ffe53580000 - 0x00007ffe53911000 	C:\Windows\System32\combase.dll
0x00007ffe52ff0000 - 0x00007ffe530c8000 	C:\Windows\System32\OLEAUT32.dll
0x00007ffe51280000 - 0x00007ffe512b2000 	C:\Windows\SYSTEM32\dbgcore.DLL
0x00007ffe51ba0000 - 0x00007ffe51c1b000 	C:\Windows\System32\bcryptPrimitives.dll
0x00007ffe49c90000 - 0x00007ffe49c9f000 	C:\Users\mleve\.jdks\openjdk-23.0.1-1\bin\instrument.dll
0x00007ffe3e770000 - 0x00007ffe3e78e000 	C:\Users\mleve\.jdks\openjdk-23.0.1-1\bin\java.dll
0x00007ffe546e0000 - 0x00007ffe54881000 	C:\Windows\System32\ole32.dll
0x00007ffe526a0000 - 0x00007ffe52f3c000 	C:\Windows\System32\SHELL32.dll
0x00007ffe51ca0000 - 0x00007ffe51ddf000 	C:\Windows\System32\wintypes.dll
0x00007ffe4ef40000 - 0x00007ffe4f85a000 	C:\Windows\SYSTEM32\windows.storage.dll
0x00007ffe53460000 - 0x00007ffe53564000 	C:\Windows\System32\SHCORE.dll
0x00007ffe53ac0000 - 0x00007ffe53b29000 	C:\Windows\System32\shlwapi.dll
0x00007ffe519b0000 - 0x00007ffe519d5000 	C:\Windows\SYSTEM32\profapi.dll
0x00007ffe0e5c0000 - 0x00007ffe0e697000 	C:\Users\mleve\.jdks\openjdk-23.0.1-1\bin\jsvml.dll
0x00007ffe2db30000 - 0x00007ffe2db47000 	C:\Users\mleve\.jdks\openjdk-23.0.1-1\bin\zip.dll
0x00007ffe49b40000 - 0x00007ffe49b50000 	C:\Users\mleve\.jdks\openjdk-23.0.1-1\bin\net.dll
0x00007ffe506a0000 - 0x00007ffe50709000 	C:\Windows\system32\mswsock.dll
0x00007ffe33ae0000 - 0x00007ffe33af6000 	C:\Users\mleve\.jdks\openjdk-23.0.1-1\bin\nio.dll
0x00007ffe2d680000 - 0x00007ffe2d69a000 	C:\Program Files\JetBrains\IntelliJ IDEA 2024.2.4\bin\breakgen64.dll
0x00007ffe49290000 - 0x00007ffe49299000 	C:\Users\mleve\.jdks\openjdk-23.0.1-1\bin\extnet.dll

dbghelp: loaded successfully - version: 4.0.5 - missing functions: none
symbol engine: initialized successfully - sym options: 0x614 - pdb path: .;C:\Users\mleve\.jdks\openjdk-23.0.1-1\bin;C:\Windows\SYSTEM32;C:\Windows\WinSxS\amd64_microsoft.windows.common-controls_6595b64144ccf1df_6.0.22621.6060_none_2712eda17382d24b;C:\Users\mleve\.jdks\openjdk-23.0.1-1\bin\server;C:\Program Files\JetBrains\IntelliJ IDEA 2024.2.4\bin

VM Arguments:
jvm_args: -javaagent:C:\Program Files\JetBrains\IntelliJ IDEA 2024.2.4\lib\idea_rt.jar=50516:C:\Program Files\JetBrains\IntelliJ IDEA 2024.2.4\bin -Dfile.encoding=UTF-8 -Dsun.stdout.encoding=UTF-8 -Dsun.stderr.encoding=UTF-8 
java_command: principale
java_class_path (initial): C:\Users\mleve\Desktop\Cours\2025\2026\AI_Game_Programming\out\production\AI_Game_Programming
Launcher Type: SUN_STANDARD

[Global flags]
     intx CICompilerCount                          = 12                                        {product} {ergonomic}
     uint ConcGCThreads                            = 4                                         {product} {ergonomic}
     uint G1ConcRefinementThreads                  = 16                                        {product} {ergonomic}
   size_t G1HeapRegionSize                         = 2097152                                   {product} {ergonomic}
   size_t InitialHeapSize                          = 257949696                                 {product} {ergonomic}
   size_t MarkStackSize                            = 4194304                                   {product} {ergonomic}
   size_t MarkStackSizeMax                         = 536870912                                 {product} {ergonomic}
   size_t MaxHeapSize                              = 4127195136                                {product} {ergonomic}
   size_t MaxNewSize                               = 2474639360                                {product} {ergonomic}
   size_t MinHeapDeltaBytes                        = 2097152                                   {product} {ergonomic}
   size_t MinHeapSize                              = 8388608                                   {product} {ergonomic}
    uintx NonNMethodCodeHeapSize                   = 7602176                                {pd product} {ergonomic}
    uintx NonProfiledCodeHeapSize                  = 122093568                              {pd product} {ergonomic}
    uintx ProfiledCodeHeapSize                     = 121962496                              {pd product} {ergonomic}
    uintx ReservedCodeCacheSize                    = 251658240                              {pd product} {ergonomic}
     bool SegmentedCodeCache                       = true                                      {product} {ergonomic}
   size_t SoftMaxHeapSize                          = 4127195136                             {manageable} {ergonomic}
     bool UseCompressedOops                        = true                           {product lp64_product} {ergonomic}
     bool UseG1GC                                  = true                                      {product} {ergonomic}
     bool UseLargePagesIndividualAllocation        = false                                  {pd product} {ergonomic}

Logging:
Log output configuration:
 #0: stdout all=warning uptime,level,tags foldmultilines=false
 #1: stderr all=off uptime,level,tags foldmultilines=false

Environment Variables:
JAVA_HOME=C:\Program Files\Java\jdk-23
PATH=C:\Program Files\Common Files\Oracle\Java\javapath;C:\apache-maven-3.9.9\bin;C:\Program Files\Git\cmd;C:\Program Files\nodejs\;C:\Program Files\CMake\bin;C:\Users\mleve\AppData\Local\Microsoft\WindowsApps;C:\Users\mleve\AppData\Local\Programs\Microsoft VS Code\bin;C:\Users\mleve\AppData\Local\GitHubDesktop\bin;C:\Users\mleve\AppData\Local\Programs\cursor\resources\app\bin;C:\Users\mleve\AppData\Roaming\npm
USERNAME=mleve
OS=Windows_NT
PROCESSOR_IDENTIFIER=Intel64 Family 6 Model 170 Stepping 4, GenuineIntel
TMP=C:\Users\mleve\AppData\Local\Temp
TEMP=C:\Users\mleve\AppData\Local\Temp




Periodic native trim disabled

---------------  S Y S T E M  ---------------

OS:
 Windows 11 , 64 bit Build 22621 (10.0.22621.5415)
OS uptime: 6 days 23:06 hours
Hyper-V role detected

CPU: total 22 (initial active 22) (11 cores per cpu, 2 threads per core) family 6 model 170 stepping 4 microcode 0x1c, cx8, cmov, fxsr, ht, mmx, 3dnowpref, sse, sse2, sse3, ssse3, sse4.1, sse4.2, popcnt, lzcnt, tsc, tscinvbit, avx, avx2, aes, erms, clmul, bmi1, bmi2, adx, sha, fma, vzeroupper, clflush, clflushopt, clwb, hv, serialize, rdtscp, rdpid, fsrm, gfni, f16c, cet_ibt, cet_ss
Processor Information for processor 0
  Max Mhz: 1400, Current Mhz: 1400, Mhz Limit: 1400
Processor Information for processor 1
  Max Mhz: 1400, Current Mhz: 1400, Mhz Limit: 1400
Processor Information for processor 2
  Max Mhz: 3800, Current Mhz: 900, Mhz Limit: 874
Processor Information for processor 3
  Max Mhz: 3800, Current Mhz: 900, Mhz Limit: 874
Processor Information for processor 4
  Max Mhz: 3800, Current Mhz: 900, Mhz Limit: 874
Processor Information for processor 5
  Max Mhz: 3800, Current Mhz: 900, Mhz Limit: 874
Processor Information for processor 6
  Max Mhz: 3800, Current Mhz: 900, Mhz Limit: 874
Processor Information for processor 7
  Max Mhz: 3800, Current Mhz: 900, Mhz Limit: 874
Processor Information for processor 8
  Max Mhz: 3800, Current Mhz: 900, Mhz Limit: 874
Processor Information for processor 9
  Max Mhz: 3800, Current Mhz: 900, Mhz Limit: 874
Processor Information for processor 10
  Max Mhz: 1400, Current Mhz: 1400, Mhz Limit: 1400
Processor Information for processor 11
  Max Mhz: 1400, Current Mhz: 1400, Mhz Limit: 1400
Processor Information for processor 12
  Max Mhz: 1400, Current Mhz: 1400, Mhz Limit: 1400
Processor Information for processor 13
  Max Mhz: 1400, Current Mhz: 1400, Mhz Limit: 1400
Processor Information for processor 14
  Max Mhz: 1400, Current Mhz: 1400, Mhz Limit: 1400
Processor Information for processor 15
  Max Mhz: 1400, Current Mhz: 1400, Mhz Limit: 1400
Processor Information for processor 16
  Max Mhz: 1400, Current Mhz: 1400, Mhz Limit: 1400
Processor Information for processor 17
  Max Mhz: 1400, Current Mhz: 1400, Mhz Limit: 1400
Processor Information for processor 18
  Max Mhz: 1400, Current Mhz: 1400, Mhz Limit: 1400
Processor Information for processor 19
  Max Mhz: 1400, Current Mhz: 1400, Mhz Limit: 1400
Processor Information for processor 20
  Max Mhz: 2500, Current Mhz: 700, Mhz Limit: 700
Processor Information for processor 21
  Max Mhz: 2500, Current Mhz: 700, Mhz Limit: 700

Memory: 4k page, system-wide physical 15741M (1612M free)
TotalPageFile size 28905M (AvailPageFile size 4890M)
current process WorkingSet (physical memory assigned to process): 502M, peak: 516M
current process commit charge ("private bytes"): 705M, peak: 721M

vm_info: OpenJDK 64-Bit Server VM (23.0.1+11-39) for windows-amd64 JRE (23.0.1+11-39), built on 2024-09-30T07:20:43Z with MS VC++ 17.6 (VS2022)

END.
